#
# A fatal error has been detected by the Java Runtime Environment:
#
#  SIGBUS (0x7) at pc=0x00007fe0c6f77f5d, pid=2848, tid=140603511121664
#
# JRE version: OpenJDK Runtime Environment (7.0_75-b13) (build 1.7.0_75-b13)
# Java VM: OpenJDK 64-Bit Server VM (24.75-b04 mixed mode linux-amd64 compressed oops)
# Derivative: IcedTea 2.5.4
# Distribution: Ubuntu 14.04 LTS, package 7u75-2.5.4-1~trusty1
# Problematic frame:
# C  [libzip.so+0x4f5d]
#
# Failed to write core dump. Core dumps have been disabled. To enable core dumping, try "ulimit -c unlimited" before starting Java again
#
# If you would like to submit a bug report, please include
# instructions on how to reproduce the bug and visit:
#   http://icedtea.classpath.org/bugzilla
# The crash happened outside the Java Virtual Machine in native code.
# See problematic frame for where to report the bug.
#

---------------  T H R E A D  ---------------

Current thread (0x00007fe0c800a000):  JavaThread "main" [_thread_in_native, id=2849, stack(0x00007fe0ce45a000,0x00007fe0ce55b000)]

siginfo:si_signo=SIGBUS: si_errno=0, si_code=2 (BUS_ADRERR), si_addr=0x00007fe0c1a3edda

Registers:
RAX=0x00007fe0c8606540, RBX=0x00007fe0c81b7100, RCX=0x00007fe0c8000020, RDX=0x00007fe0c8606540
RSP=0x00007fe0ce558810, RBP=0x00007fe0ce558870, RSI=0x00007fe0c8000038, RDI=0x0000000000000000
R8 =0x0000000000000003, R9 =0x63697665642f6e6f, R10=0x00007fe0c4540dd8, R11=0x00007fe0c4540d98
R12=0x00007fe0c81bc3e8, R13=0x00007fe0c1a3edbd, R14=0x00007fe0c8606540, R15=0x00000000642a6889
RIP=0x00007fe0c6f77f5d, EFLAGS=0x0000000000010206, CSGSFS=0x0000000000000033, ERR=0x0000000000000004
  TRAPNO=0x000000000000000e

Top of Stack: (sp=0x00007fe0ce558810)
0x00007fe0ce558810:   00007fe0c800aac8 00007fe0c800a1d8
0x00007fe0ce558820:   00007fe0c800aab8 00000000f5a9e078
0x00007fe0ce558830:   00007fe0c800aac0 00007fe0cd0d17cc
0x00007fe0ce558840:   00007fe0ce5588e0 00007fe0c81bc3e0
0x00007fe0ce558850:   00007fe0c81b7100 00007fe0ce5588e0
0x00007fe0ce558860:   0000000000000000 00000000642a6889
0x00007fe0ce558870:   00007fe0ce5588c0 00007fe0c6f78d0d
0x00007fe0ce558880:   00007fe0c800a600 00000029cc66e978
0x00007fe0ce558890:   00007fe0ce558950 00007fe0ce5588e0
0x00007fe0ce5588a0:   00007fe0ce558d38 00007fe0ce5588e0
0x00007fe0ce5588b0:   0000000000000029 00007fe0c800a1d8
0x00007fe0ce5588c0:   00007fe0ce558d20 00007fe0c6f76958
0x00007fe0ce5588d0:   00000001ce558954 00007fe0c81b7100
0x00007fe0ce5588e0:   7a616d612f6d6f63 63697665642f6e6f
0x00007fe0ce5588f0:   724d2f7364612f65 65646e6552646961
0x00007fe0ce558900:   73616c632e726572 00007fe0c8140073
0x00007fe0ce558910:   00007fe0ce558fb8 00007fe0c3f79233
0x00007fe0ce558920:   00007fe0c3f78310 00007fe000000000
0x00007fe0ce558930:   00007fe0ce559018 00007fe0ce558fc8
0x00007fe0ce558940:   00007fe0c800a000 00000000f60c3f01
0x00007fe0ce558950:   00000000bb000000 00000000f650d510
0x00007fe0ce558960:   00007fe0cd740fe0 00007fe0c800aaf8
0x00007fe0ce558970:   00007fe0c800a000 00007fe0c800aaf0
0x00007fe0ce558980:   00007fe0ce558a20 00007fe0cd030ff4
0x00007fe0ce558990:   00007fe0c3f78310 00000000f5b91e60
0x00007fe0ce5589a0:   00007fe0c3d423f0 00007fe0c3d25e00
0x00007fe0ce5589b0:   00007fe0c800a000 00007fe0c3d27991
0x00007fe0ce5589c0:   00007fe0cd740fe0 00007fe0c800aaf8
0x00007fe0ce5589d0:   00007fe0c800a000 00007fe0c800aaf0
0x00007fe0ce5589e0:   00007fe0ce558a80 00007fe0cd030ff4
0x00007fe0ce5589f0:   00007fe0ce558a20 00000000f5a9ce50
0x00007fe0ce558a00:   00007fe0c3d27990 00007fe0c3d25f90 

Instructions: (pc=0x00007fe0c6f77f5d)
0x00007fe0c6f77f3d:   73 48 48 8b 7b 10 b9 a0 00 00 00 49 8b 14 24 e8
0x00007fe0c6f77f4d:   8f fe ff ff 49 89 c5 4d 85 ed 0f 84 d3 04 00 00
0x00007fe0c6f77f5d:   41 0f b6 55 1d 41 0f b6 45 1c 45 31 e4 41 0f b6
0x00007fe0c6f77f6d:   75 0d 41 0f b6 7d 0e 45 0f b6 7d 1f c1 e2 08 09 

Register to memory mapping:

RAX=0x00007fe0c8606540 is an unknown value
RBX=0x00007fe0c81b7100 is an unknown value
RCX=0x00007fe0c8000020 is an unknown value
RDX=0x00007fe0c8606540 is an unknown value
RSP=0x00007fe0ce558810 is pointing into the stack for thread: 0x00007fe0c800a000
RBP=0x00007fe0ce558870 is pointing into the stack for thread: 0x00007fe0c800a000
RSI=0x00007fe0c8000038 is an unknown value
RDI=0x0000000000000000 is an unknown value
R8 =0x0000000000000003 is an unknown value
R9 =0x63697665642f6e6f is an unknown value
R10=0x00007fe0c4540dd8 is at entry_point+88 in (nmethod*)0x00007fe0c4540c10
R11=0x00007fe0c4540d98 is at entry_point+24 in (nmethod*)0x00007fe0c4540c10
R12=0x00007fe0c81bc3e8 is an unknown value
R13=0x00007fe0c1a3edbd is an unknown value
R14=0x00007fe0c8606540 is an unknown value
R15=0x00000000642a6889 is an unknown value


Stack: [0x00007fe0ce45a000,0x00007fe0ce55b000],  sp=0x00007fe0ce558810,  free space=1018k
Native frames: (J=compiled Java code, j=interpreted, Vv=VM code, C=native code)
C  [libzip.so+0x4f5d]
C  [libzip.so+0x5d0d]  ZIP_GetEntry+0xcd
C  [libzip.so+0x3958]  Java_java_util_zip_ZipFile_getEntry+0xa8
J 1642  java.util.zip.ZipFile.getEntry(J[BZ)J (0 bytes) @ 0x00007fe0c4540e4e [0x00007fe0c4540d80+0xce]
j  java.util.zip.ZipFile.getEntry(Ljava/lang/String;)Ljava/util/zip/ZipEntry;+38
j  java.util.jar.JarFile.getEntry(Ljava/lang/String;)Ljava/util/zip/ZipEntry;+2
j  java.util.jar.JarFile.getJarEntry(Ljava/lang/String;)Ljava/util/jar/JarEntry;+2
j  com.strobel.assembler.metadata.JarTypeLoader.tryLoadType(Ljava/lang/String;Lcom/strobel/assembler/metadata/Buffer;)Z+65
j  com.strobel.assembler.metadata.CompositeTypeLoader.tryLoadType(Ljava/lang/String;Lcom/strobel/assembler/metadata/Buffer;)Z+29
j  com.strobel.assembler.metadata.MethodDefinition.tryLoadBody()Lcom/strobel/assembler/metadata/MethodBody;+107
J 873 C2 com.strobel.assembler.metadata.MethodDefinition.getBody()Lcom/strobel/assembler/metadata/MethodBody; (31 bytes) @ 0x00007fe0c40d3104 [0x00007fe0c40d30a0+0x64]
j  com.strobel.decompiler.languages.BytecodeLanguage.writeMethodBody(Lcom/strobel/decompiler/ITextOutput;Lcom/strobel/assembler/metadata/MethodDefinition;Lcom/strobel/decompiler/DecompilationOptions;)V+1
j  com.strobel.decompiler.languages.BytecodeLanguage.decompileMethod(Lcom/strobel/assembler/metadata/MethodDefinition;Lcom/strobel/decompiler/ITextOutput;Lcom/strobel/decompiler/DecompilationOptions;)V+10
j  com.strobel.decompiler.languages.java.ast.AstMethodBodyBuilder.createErrorBlock(Lcom/strobel/decompiler/languages/java/ast/AstBuilder;Lcom/strobel/decompiler/DecompilerContext;Lcom/strobel/assembler/metadata/MethodDefinition;Ljava/lang/Throwable;)Lcom/strobel/decompiler/languages/java/ast/BlockStatement;+124
j  com.strobel.decompiler.languages.java.ast.AstMethodBodyBuilder.createMethodBody(Lcom/strobel/decompiler/languages/java/ast/AstBuilder;Lcom/strobel/assembler/metadata/MethodDefinition;Lcom/strobel/decompiler/DecompilerContext;Ljava/lang/Iterable;)Lcom/strobel/decompiler/languages/java/ast/BlockStatement;+68
j  com.strobel.decompiler.languages.java.ast.AstBuilder.createMethodBody(Lcom/strobel/assembler/metadata/MethodDefinition;Ljava/lang/Iterable;)Lcom/strobel/decompiler/languages/java/ast/BlockStatement;+14
j  com.strobel.decompiler.languages.java.ast.AstBuilder.createMethod(Lcom/strobel/assembler/metadata/MethodDefinition;)Lcom/strobel/decompiler/languages/java/ast/MethodDeclaration;+220
j  com.strobel.decompiler.languages.java.ast.AstBuilder.addTypeMembers(Lcom/strobel/decompiler/languages/java/ast/TypeDeclaration;Lcom/strobel/assembler/metadata/TypeDefinition;)V+104
j  com.strobel.decompiler.languages.java.ast.AstBuilder.createTypeCore(Lcom/strobel/assembler/metadata/TypeDefinition;)Lcom/strobel/decompiler/languages/java/ast/TypeDeclaration;+431
j  com.strobel.decompiler.languages.java.ast.AstBuilder.createTypeNoCache(Lcom/strobel/assembler/metadata/TypeDefinition;)Lcom/strobel/decompiler/languages/java/ast/TypeDeclaration;+25
j  com.strobel.decompiler.languages.java.ast.AstBuilder.createType(Lcom/strobel/assembler/metadata/TypeDefinition;)Lcom/strobel/decompiler/languages/java/ast/TypeDeclaration;+44
j  com.strobel.decompiler.languages.java.ast.AstBuilder.addType(Lcom/strobel/assembler/metadata/TypeDefinition;)V+2
j  com.strobel.decompiler.languages.java.JavaLanguage.buildAst(Lcom/strobel/assembler/metadata/TypeDefinition;Lcom/strobel/decompiler/DecompilationOptions;)Lcom/strobel/decompiler/languages/java/ast/AstBuilder;+10
j  com.strobel.decompiler.languages.java.JavaLanguage.decompileType(Lcom/strobel/assembler/metadata/TypeDefinition;Lcom/strobel/decompiler/ITextOutput;Lcom/strobel/decompiler/DecompilationOptions;)Lcom/strobel/decompiler/languages/TypeDecompilationResults;+3
j  com.strobel.decompiler.DecompilerDriver.decompileType(Lcom/strobel/assembler/metadata/MetadataSystem;Ljava/lang/String;Lcom/strobel/decompiler/CommandLineOptions;Lcom/strobel/decompiler/DecompilationOptions;Z)V+243
j  com.strobel.decompiler.DecompilerDriver.decompileJar(Ljava/lang/String;Lcom/strobel/decompiler/CommandLineOptions;Lcom/strobel/decompiler/DecompilationOptions;)V+206
j  com.strobel.decompiler.DecompilerDriver.main([Ljava/lang/String;)V+414
v  ~StubRoutines::call_stub
V  [libjvm.so+0x5e7fc9]  JavaCalls::call_helper(JavaValue*, methodHandle*, JavaCallArguments*, Thread*)+0x339
V  [libjvm.so+0x5e7a68]  JavaCalls::call(JavaValue*, methodHandle, JavaCallArguments*, Thread*)+0x28
V  [libjvm.so+0x5f6b9b]  jni_invoke_static(JNIEnv_*, JavaValue*, _jobject*, JNICallType, _jmethodID*, JNI_ArgumentPusher*, Thread*) [clone .isra.124] [clone .constprop.156]+0x28b
V  [libjvm.so+0x607e08]  jni_CallStaticVoidMethod+0x118
C  [libjli.so+0x31f9]

Java frames: (J=compiled Java code, j=interpreted, Vv=VM code)
J 1642  java.util.zip.ZipFile.getEntry(J[BZ)J (0 bytes) @ 0x00007fe0c4540dd8 [0x00007fe0c4540d80+0x58]
j  java.util.zip.ZipFile.getEntry(Ljava/lang/String;)Ljava/util/zip/ZipEntry;+38
j  java.util.jar.JarFile.getEntry(Ljava/lang/String;)Ljava/util/zip/ZipEntry;+2
j  java.util.jar.JarFile.getJarEntry(Ljava/lang/String;)Ljava/util/jar/JarEntry;+2
j  com.strobel.assembler.metadata.JarTypeLoader.tryLoadType(Ljava/lang/String;Lcom/strobel/assembler/metadata/Buffer;)Z+65
j  com.strobel.assembler.metadata.CompositeTypeLoader.tryLoadType(Ljava/lang/String;Lcom/strobel/assembler/metadata/Buffer;)Z+29
j  com.strobel.assembler.metadata.MethodDefinition.tryLoadBody()Lcom/strobel/assembler/metadata/MethodBody;+107
J 873 C2 com.strobel.assembler.metadata.MethodDefinition.getBody()Lcom/strobel/assembler/metadata/MethodBody; (31 bytes) @ 0x00007fe0c40d3104 [0x00007fe0c40d30a0+0x64]
j  com.strobel.decompiler.languages.BytecodeLanguage.writeMethodBody(Lcom/strobel/decompiler/ITextOutput;Lcom/strobel/assembler/metadata/MethodDefinition;Lcom/strobel/decompiler/DecompilationOptions;)V+1
j  com.strobel.decompiler.languages.BytecodeLanguage.decompileMethod(Lcom/strobel/assembler/metadata/MethodDefinition;Lcom/strobel/decompiler/ITextOutput;Lcom/strobel/decompiler/DecompilationOptions;)V+10
j  com.strobel.decompiler.languages.java.ast.AstMethodBodyBuilder.createErrorBlock(Lcom/strobel/decompiler/languages/java/ast/AstBuilder;Lcom/strobel/decompiler/DecompilerContext;Lcom/strobel/assembler/metadata/MethodDefinition;Ljava/lang/Throwable;)Lcom/strobel/decompiler/languages/java/ast/BlockStatement;+124
j  com.strobel.decompiler.languages.java.ast.AstMethodBodyBuilder.createMethodBody(Lcom/strobel/decompiler/languages/java/ast/AstBuilder;Lcom/strobel/assembler/metadata/MethodDefinition;Lcom/strobel/decompiler/DecompilerContext;Ljava/lang/Iterable;)Lcom/strobel/decompiler/languages/java/ast/BlockStatement;+68
j  com.strobel.decompiler.languages.java.ast.AstBuilder.createMethodBody(Lcom/strobel/assembler/metadata/MethodDefinition;Ljava/lang/Iterable;)Lcom/strobel/decompiler/languages/java/ast/BlockStatement;+14
j  com.strobel.decompiler.languages.java.ast.AstBuilder.createMethod(Lcom/strobel/assembler/metadata/MethodDefinition;)Lcom/strobel/decompiler/languages/java/ast/MethodDeclaration;+220
j  com.strobel.decompiler.languages.java.ast.AstBuilder.addTypeMembers(Lcom/strobel/decompiler/languages/java/ast/TypeDeclaration;Lcom/strobel/assembler/metadata/TypeDefinition;)V+104
j  com.strobel.decompiler.languages.java.ast.AstBuilder.createTypeCore(Lcom/strobel/assembler/metadata/TypeDefinition;)Lcom/strobel/decompiler/languages/java/ast/TypeDeclaration;+431
j  com.strobel.decompiler.languages.java.ast.AstBuilder.createTypeNoCache(Lcom/strobel/assembler/metadata/TypeDefinition;)Lcom/strobel/decompiler/languages/java/ast/TypeDeclaration;+25
j  com.strobel.decompiler.languages.java.ast.AstBuilder.createType(Lcom/strobel/assembler/metadata/TypeDefinition;)Lcom/strobel/decompiler/languages/java/ast/TypeDeclaration;+44
j  com.strobel.decompiler.languages.java.ast.AstBuilder.addType(Lcom/strobel/assembler/metadata/TypeDefinition;)V+2
j  com.strobel.decompiler.languages.java.JavaLanguage.buildAst(Lcom/strobel/assembler/metadata/TypeDefinition;Lcom/strobel/decompiler/DecompilationOptions;)Lcom/strobel/decompiler/languages/java/ast/AstBuilder;+10
j  com.strobel.decompiler.languages.java.JavaLanguage.decompileType(Lcom/strobel/assembler/metadata/TypeDefinition;Lcom/strobel/decompiler/ITextOutput;Lcom/strobel/decompiler/DecompilationOptions;)Lcom/strobel/decompiler/languages/TypeDecompilationResults;+3
j  com.strobel.decompiler.DecompilerDriver.decompileType(Lcom/strobel/assembler/metadata/MetadataSystem;Ljava/lang/String;Lcom/strobel/decompiler/CommandLineOptions;Lcom/strobel/decompiler/DecompilationOptions;Z)V+243
j  com.strobel.decompiler.DecompilerDriver.decompileJar(Ljava/lang/String;Lcom/strobel/decompiler/CommandLineOptions;Lcom/strobel/decompiler/DecompilationOptions;)V+206
j  com.strobel.decompiler.DecompilerDriver.main([Ljava/lang/String;)V+414
v  ~StubRoutines::call_stub

---------------  P R O C E S S  ---------------

Java Threads: ( => current thread )
  0x00007fe0c80cc000 JavaThread "Service Thread" daemon [_thread_blocked, id=2856, stack(0x00007fe0c33ab000,0x00007fe0c34ac000)]
  0x00007fe0c80c9800 JavaThread "C2 CompilerThread1" daemon [_thread_in_native, id=2855, stack(0x00007fe0c34ac000,0x00007fe0c35ad000)]
  0x00007fe0c80c7000 JavaThread "C2 CompilerThread0" daemon [_thread_in_native, id=2854, stack(0x00007fe0c35ad000,0x00007fe0c36ae000)]
  0x00007fe0c80c5000 JavaThread "Signal Dispatcher" daemon [_thread_blocked, id=2853, stack(0x00007fe0c36ae000,0x00007fe0c37af000)]
  0x00007fe0c8099000 JavaThread "Finalizer" daemon [_thread_blocked, id=2852, stack(0x00007fe0c37af000,0x00007fe0c38b0000)]
  0x00007fe0c8097000 JavaThread "Reference Handler" daemon [_thread_blocked, id=2851, stack(0x00007fe0c38b0000,0x00007fe0c39b1000)]
=>0x00007fe0c800a000 JavaThread "main" [_thread_in_native, id=2849, stack(0x00007fe0ce45a000,0x00007fe0ce55b000)]

Other Threads:
  0x00007fe0c8092800 VMThread [stack: 0x00007fe0c39b1000,0x00007fe0c3ab2000] [id=2850]
  0x00007fe0c80d7000 WatcherThread [stack: 0x00007fe0c32aa000,0x00007fe0c33ab000] [id=2857]

VM state:not at safepoint (normal execution)

VM Mutex/Monitor currently owned by a thread: None

Heap
 def new generation   total 22464K, used 9271K [0x00000000cc000000, 0x00000000cd850000, 0x00000000d9e00000)
  eden space 20032K,  34% used [0x00000000cc000000, 0x00000000cc6adcf8, 0x00000000cd390000)
  from space 2432K,  99% used [0x00000000cd5f0000, 0x00000000cd84fff8, 0x00000000cd850000)
  to   space 2432K,   0% used [0x00000000cd390000, 0x00000000cd390000, 0x00000000cd5f0000)
 tenured generation   total 49700K, used 48083K [0x00000000d9e00000, 0x00000000dce89000, 0x00000000f5a00000)
   the space 49700K,  96% used [0x00000000d9e00000, 0x00000000dccf4d40, 0x00000000dccf4e00, 0x00000000dce89000)
 compacting perm gen  total 21248K, used 11528K [0x00000000f5a00000, 0x00000000f6ec0000, 0x0000000100000000)
   the space 21248K,  54% used [0x00000000f5a00000, 0x00000000f65422a0, 0x00000000f6542400, 0x00000000f6ec0000)
No shared spaces configured.

Card table byte_map: [0x00007fe0c3dd2000,0x00007fe0c3f73000] byte_map_base: 0x00007fe0c3772000

Polling page: 0x00007fe0ce573000

Code Cache  [0x00007fe0c3f73000, 0x00007fe0c4723000, 0x00007fe0c6f73000)
 total_blobs=1773 nmethods=1520 adapters=205 free_code_cache=41592Kb largest_free_block=42306752

Compilation events (10 events):
Event: 157.138 Thread 0x00007fe0c80c7000 nmethod 1668 0x00007fe0c41fb910 code [0x00007fe0c41fbdc0, 0x00007fe0c41fe308]
Event: 157.138 Thread 0x00007fe0c80c7000 1669             com.strobel.assembler.metadata.MethodReader::readBodyCore (2294 bytes)
Event: 158.974 Thread 0x00007fe0c80c7000 nmethod 1669 0x00007fe0c438bf10 code [0x00007fe0c438cc80, 0x00007fe0c43930a0]
Event: 158.974 Thread 0x00007fe0c80c7000 1670             com.strobel.decompiler.languages.java.ast.transforms.IntroduceOuterClassReferencesTransform::tryIntroduceOuterClassReference (379 bytes)
Event: 159.300 Thread 0x00007fe0c80c7000 nmethod 1670 0x00007fe0c42d6cd0 code [0x00007fe0c42d70c0, 0x00007fe0c42d88d8]
Event: 159.300 Thread 0x00007fe0c80c7000 1671             com.strobel.decompiler.languages.java.ast.JavaResolver$ResolveVisitor::visitThisReferenceExpression (10 bytes)
Event: 159.352 Thread 0x00007fe0c80c7000 nmethod 1671 0x00007fe0c41fa7d0 code [0x00007fe0c41fa9c0, 0x00007fe0c41fae98]
Event: 159.352 Thread 0x00007fe0c80c7000 1672             com.strobel.decompiler.languages.java.ast.JavaResolver$ResolveVisitor::visitThisReferenceExpression (37 bytes)
Event: 159.391 Thread 0x00007fe0c80c7000 nmethod 1672 0x00007fe0c45bd5d0 code [0x00007fe0c45bd7a0, 0x00007fe0c45bdc38]
Event: 159.391 Thread 0x00007fe0c80c7000 1673             com.strobel.decompiler.ast.AstBuilder::convertToAst (1860 bytes)

GC Heap History (10 events):
Event: 157.683 GC heap before
{Heap before GC invocations=391 (full 6):
 def new generation   total 22464K, used 21162K [0x00000000cc000000, 0x00000000cd850000, 0x00000000d9e00000)
  eden space 20032K, 100% used [0x00000000cc000000, 0x00000000cd390000, 0x00000000cd390000)
  from space 2432K,  46% used [0x00000000cd390000, 0x00000000cd4aaa10, 0x00000000cd5f0000)
  to   space 2432K,   0% used [0x00000000cd5f0000, 0x00000000cd5f0000, 0x00000000cd850000)
 tenured generation   total 49700K, used 38787K [0x00000000d9e00000, 0x00000000dce89000, 0x00000000f5a00000)
   the space 49700K,  78% used [0x00000000d9e00000, 0x00000000dc3e0e78, 0x00000000dc3e1000, 0x00000000dce89000)
 compacting perm gen  total 21248K, used 11522K [0x00000000f5a00000, 0x00000000f6ec0000, 0x0000000100000000)
   the space 21248K,  54% used [0x00000000f5a00000, 0x00000000f6540af8, 0x00000000f6540c00, 0x00000000f6ec0000)
No shared spaces configured.
Event: 157.696 GC heap after
Heap after GC invocations=392 (full 6):
 def new generation   total 22464K, used 2432K [0x00000000cc000000, 0x00000000cd850000, 0x00000000d9e00000)
  eden space 20032K,   0% used [0x00000000cc000000, 0x00000000cc000000, 0x00000000cd390000)
  from space 2432K, 100% used [0x00000000cd5f0000, 0x00000000cd850000, 0x00000000cd850000)
  to   space 2432K,   0% used [0x00000000cd390000, 0x00000000cd390000, 0x00000000cd5f0000)
 tenured generation   total 49700K, used 39392K [0x00000000d9e00000, 0x00000000dce89000, 0x00000000f5a00000)
   the space 49700K,  79% used [0x00000000d9e00000, 0x00000000dc478098, 0x00000000dc478200, 0x00000000dce89000)
 compacting perm gen  total 21248K, used 11522K [0x00000000f5a00000, 0x00000000f6ec0000, 0x0000000100000000)
   the space 21248K,  54% used [0x00000000f5a00000, 0x00000000f6540af8, 0x00000000f6540c00, 0x00000000f6ec0000)
No shared spaces configured.
}
Event: 158.315 GC heap before
{Heap before GC invocations=392 (full 6):
 def new generation   total 22464K, used 22464K [0x00000000cc000000, 0x00000000cd850000, 0x00000000d9e00000)
  eden space 20032K, 100% used [0x00000000cc000000, 0x00000000cd390000, 0x00000000cd390000)
  from space 2432K, 100% used [0x00000000cd5f0000, 0x00000000cd850000, 0x00000000cd850000)
  to   space 2432K,   0% used [0x00000000cd390000, 0x00000000cd390000, 0x00000000cd5f0000)
 tenured generation   total 49700K, used 39392K [0x00000000d9e00000, 0x00000000dce89000, 0x00000000f5a00000)
   the space 49700K,  79% used [0x00000000d9e00000, 0x00000000dc478098, 0x00000000dc478200, 0x00000000dce89000)
 compacting perm gen  total 21248K, used 11525K [0x00000000f5a00000, 0x00000000f6ec0000, 0x0000000100000000)
   the space 21248K,  54% used [0x00000000f5a00000, 0x00000000f6541410, 0x00000000f6541600, 0x00000000f6ec0000)
No shared spaces configured.
Event: 158.364 GC heap after
Heap after GC invocations=393 (full 6):
 def new generation   total 22464K, used 864K [0x00000000cc000000, 0x00000000cd850000, 0x00000000d9e00000)
  eden space 20032K,   0% used [0x00000000cc000000, 0x00000000cc000000, 0x00000000cd390000)
  from space 2432K,  35% used [0x00000000cd390000, 0x00000000cd4681e8, 0x00000000cd5f0000)
  to   space 2432K,   0% used [0x00000000cd5f0000, 0x00000000cd5f0000, 0x00000000cd850000)
 tenured generation   total 49700K, used 41801K [0x00000000d9e00000, 0x00000000dce89000, 0x00000000f5a00000)
   the space 49700K,  84% used [0x00000000d9e00000, 0x00000000dc6d26b8, 0x00000000dc6d2800, 0x00000000dce89000)
 compacting perm gen  total 21248K, used 11525K [0x00000000f5a00000, 0x00000000f6ec0000, 0x0000000100000000)
   the space 21248K,  54% used [0x00000000f5a00000, 0x00000000f6541410, 0x00000000f6541600, 0x00000000f6ec0000)
No shared spaces configured.
}
Event: 158.784 GC heap before
{Heap before GC invocations=393 (full 6):
 def new generation   total 22464K, used 20896K [0x00000000cc000000, 0x00000000cd850000, 0x00000000d9e00000)
  eden space 20032K, 100% used [0x00000000cc000000, 0x00000000cd390000, 0x00000000cd390000)
  from space 2432K,  35% used [0x00000000cd390000, 0x00000000cd4681e8, 0x00000000cd5f0000)
  to   space 2432K,   0% used [0x00000000cd5f0000, 0x00000000cd5f0000, 0x00000000cd850000)
 tenured generation   total 49700K, used 41801K [0x00000000d9e00000, 0x00000000dce89000, 0x00000000f5a00000)
   the space 49700K,  84% used [0x00000000d9e00000, 0x00000000dc6d26b8, 0x00000000dc6d2800, 0x00000000dce89000)
 compacting perm gen  total 21248K, used 11525K [0x00000000f5a00000, 0x00000000f6ec0000, 0x0000000100000000)
   the space 21248K,  54% used [0x00000000f5a00000, 0x00000000f6541648, 0x00000000f6541800, 0x00000000f6ec0000)
No shared spaces configured.
Event: 158.788 GC heap after
Heap after GC invocations=394 (full 6):
 def new generation   total 22464K, used 2427K [0x00000000cc000000, 0x00000000cd850000, 0x00000000d9e00000)
  eden space 20032K,   0% used [0x00000000cc000000, 0x00000000cc000000, 0x00000000cd390000)
  from space 2432K,  99% used [0x00000000cd5f0000, 0x00000000cd84eec0, 0x00000000cd850000)
  to   space 2432K,   0% used [0x00000000cd390000, 0x00000000cd390000, 0x00000000cd5f0000)
 tenured generation   total 49700K, used 41849K [0x00000000d9e00000, 0x00000000dce89000, 0x00000000f5a00000)
   the space 49700K,  84% used [0x00000000d9e00000, 0x00000000dc6de460, 0x00000000dc6de600, 0x00000000dce89000)
 compacting perm gen  total 21248K, used 11525K [0x00000000f5a00000, 0x00000000f6ec0000, 0x0000000100000000)
   the space 21248K,  54% used [0x00000000f5a00000, 0x00000000f6541648, 0x00000000f6541800, 0x00000000f6ec0000)
No shared spaces configured.
}
Event: 159.264 GC heap before
{Heap before GC invocations=394 (full 6):
 def new generation   total 22464K, used 22459K [0x00000000cc000000, 0x00000000cd850000, 0x00000000d9e00000)
  eden space 20032K, 100% used [0x00000000cc000000, 0x00000000cd390000, 0x00000000cd390000)
  from space 2432K,  99% used [0x00000000cd5f0000, 0x00000000cd84eec0, 0x00000000cd850000)
  to   space 2432K,   0% used [0x00000000cd390000, 0x00000000cd390000, 0x00000000cd5f0000)
 tenured generation   total 49700K, used 41849K [0x00000000d9e00000, 0x00000000dce89000, 0x00000000f5a00000)
   the space 49700K,  84% used [0x00000000d9e00000, 0x00000000dc6de460, 0x00000000dc6de600, 0x00000000dce89000)
 compacting perm gen  total 21248K, used 11526K [0x00000000f5a00000, 0x00000000f6ec0000, 0x0000000100000000)
   the space 21248K,  54% used [0x00000000f5a00000, 0x00000000f6541930, 0x00000000f6541a00, 0x00000000f6ec0000)
No shared spaces configured.
Event: 159.290 GC heap after
Heap after GC invocations=395 (full 6):
 def new generation   total 22464K, used 1795K [0x00000000cc000000, 0x00000000cd850000, 0x00000000d9e00000)
  eden space 20032K,   0% used [0x00000000cc000000, 0x00000000cc000000, 0x00000000cd390000)
  from space 2432K,  73% used [0x00000000cd390000, 0x00000000cd550e88, 0x00000000cd5f0000)
  to   space 2432K,   0% used [0x00000000cd5f0000, 0x00000000cd5f0000, 0x00000000cd850000)
 tenured generation   total 49700K, used 43970K [0x00000000d9e00000, 0x00000000dce89000, 0x00000000f5a00000)
   the space 49700K,  88% used [0x00000000d9e00000, 0x00000000dc8f08f8, 0x00000000dc8f0a00, 0x00000000dce89000)
 compacting perm gen  total 21248K, used 11526K [0x00000000f5a00000, 0x00000000f6ec0000, 0x0000000100000000)
   the space 21248K,  54% used [0x00000000f5a00000, 0x00000000f6541930, 0x00000000f6541a00, 0x00000000f6ec0000)
No shared spaces configured.
}
Event: 159.840 GC heap before
{Heap before GC invocations=395 (full 6):
 def new generation   total 22464K, used 21827K [0x00000000cc000000, 0x00000000cd850000, 0x00000000d9e00000)
  eden space 20032K, 100% used [0x00000000cc000000, 0x00000000cd390000, 0x00000000cd390000)
  from space 2432K,  73% used [0x00000000cd390000, 0x00000000cd550e88, 0x00000000cd5f0000)
  to   space 2432K,   0% used [0x00000000cd5f0000, 0x00000000cd5f0000, 0x00000000cd850000)
 tenured generation   total 49700K, used 43970K [0x00000000d9e00000, 0x00000000dce89000, 0x00000000f5a00000)
   the space 49700K,  88% used [0x00000000d9e00000, 0x00000000dc8f08f8, 0x00000000dc8f0a00, 0x00000000dce89000)
 compacting perm gen  total 21248K, used 11526K [0x00000000f5a00000, 0x00000000f6ec0000, 0x0000000100000000)
   the space 21248K,  54% used [0x00000000f5a00000, 0x00000000f6541b50, 0x00000000f6541c00, 0x00000000f6ec0000)
No shared spaces configured.
Event: 159.966 GC heap after
Heap after GC invocations=396 (full 6):
 def new generation   total 22464K, used 2431K [0x00000000cc000000, 0x00000000cd850000, 0x00000000d9e00000)
  eden space 20032K,   0% used [0x00000000cc000000, 0x00000000cc000000, 0x00000000cd390000)
  from space 2432K,  99% used [0x00000000cd5f0000, 0x00000000cd84fff8, 0x00000000cd850000)
  to   space 2432K,   0% used [0x00000000cd390000, 0x00000000cd390000, 0x00000000cd5f0000)
 tenured generation   total 49700K, used 48083K [0x00000000d9e00000, 0x00000000dce89000, 0x00000000f5a00000)
   the space 49700K,  96% used [0x00000000d9e00000, 0x00000000dccf4d40, 0x00000000dccf4e00, 0x00000000dce89000)
 compacting perm gen  total 21248K, used 11526K [0x00000000f5a00000, 0x00000000f6ec0000, 0x0000000100000000)
   the space 21248K,  54% used [0x00000000f5a00000, 0x00000000f6541b50, 0x00000000f6541c00, 0x00000000f6ec0000)
No shared spaces configured.
}

Deoptimization events (10 events):
Event: 150.580 Thread 0x00007fe0c800a000 Uncommon trap: reason=class_check action=maybe_recompile pc=0x00007fe0c41b7624 method=com.strobel.assembler.ir.Frame.merge(Lcom/strobel/assembler/ir/FrameValue;[Lcom/strobel/assembler/ir/FrameValue;I)Z @ 100
Event: 150.580 Thread 0x00007fe0c800a000 Uncommon trap: reason=class_check action=maybe_recompile pc=0x00007fe0c41b7624 method=com.strobel.assembler.ir.Frame.merge(Lcom/strobel/assembler/ir/FrameValue;[Lcom/strobel/assembler/ir/FrameValue;I)Z @ 100
Event: 150.580 Thread 0x00007fe0c800a000 Uncommon trap: reason=class_check action=maybe_recompile pc=0x00007fe0c41b7624 method=com.strobel.assembler.ir.Frame.merge(Lcom/strobel/assembler/ir/FrameValue;[Lcom/strobel/assembler/ir/FrameValue;I)Z @ 100
Event: 150.725 Thread 0x00007fe0c800a000 Uncommon trap: reason=unreached action=reinterpret pc=0x00007fe0c42e4948 method=com.strobel.decompiler.languages.java.ast.AstMethodBodyBuilder.transformByteCode(Lcom/strobel/decompiler/ast/Expression;Z)Lcom/strobel/decompiler/languages/java/ast/AstNode; @
Event: 150.827 Thread 0x00007fe0c800a000 Uncommon trap: reason=unreached action=reinterpret pc=0x00007fe0c466179c method=com.strobel.decompiler.languages.java.utilities.RedundantCastUtility$IsRedundantVisitor.processCall(Lcom/strobel/decompiler/languages/java/ast/Expression;)V @ 168
Event: 151.159 Thread 0x00007fe0c800a000 Uncommon trap: reason=class_check action=maybe_recompile pc=0x00007fe0c45a0734 method=com.strobel.decompiler.ast.LoopsAndConditions.canBeSelfContainedLoop(Lcom/strobel/decompiler/ast/BasicBlock;Lcom/strobel/decompiler/ast/Expression;Lcom/strobel/decompile
Event: 151.160 Thread 0x00007fe0c800a000 Uncommon trap: reason=class_check action=maybe_recompile pc=0x00007fe0c45a0734 method=com.strobel.decompiler.ast.LoopsAndConditions.canBeSelfContainedLoop(Lcom/strobel/decompiler/ast/BasicBlock;Lcom/strobel/decompiler/ast/Expression;Lcom/strobel/decompile
Event: 151.222 Thread 0x00007fe0c800a000 Uncommon trap: reason=class_check action=maybe_recompile pc=0x00007fe0c40ec42c method=com.strobel.assembler.ir.Instruction.accept(Lcom/strobel/assembler/ir/InstructionVisitor;)V @ 245
Event: 154.211 Thread 0x00007fe0c800a000 Uncommon trap: reason=class_check action=maybe_recompile pc=0x00007fe0c4685fac method=com.strobel.decompiler.languages.java.ast.AstBuilder.convertType(Lcom/strobel/assembler/metadata/TypeReference;Lcom/strobel/core/MutableInteger;Lcom/strobel/decompiler/l
Event: 154.229 Thread 0x00007fe0c800a000 Uncommon trap: reason=class_check action=maybe_recompile pc=0x00007fe0c4685fac method=com.strobel.decompiler.languages.java.ast.AstBuilder.convertType(Lcom/strobel/assembler/metadata/TypeReference;Lcom/strobel/core/MutableInteger;Lcom/strobel/decompiler/l

Internal exceptions (10 events):
Event: 139.254 Thread 0x00007fe0c800a000 Implicit null exception at 0x00007fe0c44c9791 to 0x00007fe0c44ca301
Event: 139.254 Thread 0x00007fe0c800a000 Implicit null exception at 0x00007fe0c418b4cd to 0x00007fe0c418b7ad
Event: 145.302 Thread 0x00007fe0c800a000 Threw 0x00000000cc933b60 at /build/buildd/openjdk-7-7u75-2.5.4/build/openjdk/hotspot/src/share/vm/prims/jvm.cpp:1284
Event: 145.576 Thread 0x00007fe0c800a000 Threw 0x00000000cca7f4a0 at /build/buildd/openjdk-7-7u75-2.5.4/build/openjdk/hotspot/src/share/vm/prims/jvm.cpp:1284
Event: 146.714 Thread 0x00007fe0c800a000 Implicit null exception at 0x00007fe0c45ef58f to 0x00007fe0c45ef855
Event: 146.714 Thread 0x00007fe0c800a000 Implicit null exception at 0x00007fe0c4605961 to 0x00007fe0c4605be9
Event: 146.714 Thread 0x00007fe0c800a000 Implicit null exception at 0x00007fe0c439e100 to 0x00007fe0c439e375
Event: 147.858 Thread 0x00007fe0c800a000 Implicit null exception at 0x00007fe0c4588a15 to 0x00007fe0c458ae11
Event: 150.827 Thread 0x00007fe0c800a000 Implicit null exception at 0x00007fe0c465c874 to 0x00007fe0c466178d
Event: 160.111 Thread 0x00007fe0c800a000 Threw 0x00000000cc668068 at /build/buildd/openjdk-7-7u75-2.5.4/build/openjdk/hotspot/src/share/vm/prims/jni.cpp:721

Events (10 events):
Event: 158.364 Executing VM operation: GenCollectForAllocation done
Event: 158.784 Executing VM operation: GenCollectForAllocation
Event: 158.788 Executing VM operation: GenCollectForAllocation done
Event: 159.264 Executing VM operation: GenCollectForAllocation
Event: 159.291 Executing VM operation: GenCollectForAllocation done
Event: 159.391 Thread 0x00007fe0c80c7000 flushing nmethod 0x00007fe0c4088c90
Event: 159.840 Executing VM operation: GenCollectForAllocation
Event: 159.969 Executing VM operation: GenCollectForAllocation done
Event: 160.111 loading class 0x00007fe0c80d3910
Event: 160.111 loading class 0x00007fe0c80d3910 done


Dynamic libraries:
00400000-00401000 r-xp 00000000 08:01 805237                             /usr/lib/jvm/java-7-openjdk-amd64/jre/bin/java
00600000-00601000 r--p 00000000 08:01 805237                             /usr/lib/jvm/java-7-openjdk-amd64/jre/bin/java
00601000-00602000 rw-p 00001000 08:01 805237                             /usr/lib/jvm/java-7-openjdk-amd64/jre/bin/java
00c78000-00c99000 rw-p 00000000 00:00 0                                  [heap]
cc000000-cd850000 rw-p 00000000 00:00 0 
cd850000-d9e00000 rw-p 00000000 00:00 0 
d9e00000-dce89000 rw-p 00000000 00:00 0 
dce89000-f5a00000 rw-p 00000000 00:00 0 
f5a00000-f6ec0000 rw-p 00000000 00:00 0 
f6ec0000-100000000 rw-p 00000000 00:00 0 
7fe0a4000000-7fe0a621f000 rw-p 00000000 00:00 0 
7fe0a621f000-7fe0a8000000 ---p 00000000 00:00 0 
7fe0a8000000-7fe0a8021000 rw-p 00000000 00:00 0 
7fe0a8021000-7fe0ac000000 ---p 00000000 00:00 0 
7fe0ac000000-7fe0ac021000 rw-p 00000000 00:00 0 
7fe0ac021000-7fe0b0000000 ---p 00000000 00:00 0 
7fe0b0000000-7fe0b2bf7000 rw-p 00000000 00:00 0 
7fe0b2bf7000-7fe0b4000000 ---p 00000000 00:00 0 
7fe0b4000000-7fe0b4021000 rw-p 00000000 00:00 0 
7fe0b4021000-7fe0b8000000 ---p 00000000 00:00 0 
7fe0b8000000-7fe0b8021000 rw-p 00000000 00:00 0 
7fe0b8021000-7fe0bc000000 ---p 00000000 00:00 0 
7fe0bc000000-7fe0bc0f5000 rw-p 00000000 00:00 0 
7fe0bc0f5000-7fe0c0000000 ---p 00000000 00:00 0 
7fe0c1a34000-7fe0c1acb000 r--s 005c4000 08:01 954757                     /var/www/project/storage/apk/com.surpax.ledflashlight.panel_dex2jar.jar
7fe0c1acb000-7fe0c1b2c000 rw-p 00000000 00:00 0 
7fe0c1b2c000-7fe0c1b69000 r-xp 00000000 08:01 131315                     /lib/x86_64-linux-gnu/libpcre.so.3.13.1
7fe0c1b69000-7fe0c1d68000 ---p 0003d000 08:01 131315                     /lib/x86_64-linux-gnu/libpcre.so.3.13.1
7fe0c1d68000-7fe0c1d69000 r--p 0003c000 08:01 131315                     /lib/x86_64-linux-gnu/libpcre.so.3.13.1
7fe0c1d69000-7fe0c1d6a000 rw-p 0003d000 08:01 131315                     /lib/x86_64-linux-gnu/libpcre.so.3.13.1
7fe0c1d6a000-7fe0c1d71000 r-xp 00000000 08:01 789353                     /usr/lib/x86_64-linux-gnu/libffi.so.6.0.1
7fe0c1d71000-7fe0c1f70000 ---p 00007000 08:01 789353                     /usr/lib/x86_64-linux-gnu/libffi.so.6.0.1
7fe0c1f70000-7fe0c1f71000 r--p 00006000 08:01 789353                     /usr/lib/x86_64-linux-gnu/libffi.so.6.0.1
7fe0c1f71000-7fe0c1f72000 rw-p 00007000 08:01 789353                     /usr/lib/x86_64-linux-gnu/libffi.so.6.0.1
7fe0c1f72000-7fe0c1f89000 r-xp 00000000 08:01 138541                     /lib/x86_64-linux-gnu/libresolv-2.19.so
7fe0c1f89000-7fe0c2189000 ---p 00017000 08:01 138541                     /lib/x86_64-linux-gnu/libresolv-2.19.so
7fe0c2189000-7fe0c218a000 r--p 00017000 08:01 138541                     /lib/x86_64-linux-gnu/libresolv-2.19.so
7fe0c218a000-7fe0c218b000 rw-p 00018000 08:01 138541                     /lib/x86_64-linux-gnu/libresolv-2.19.so
7fe0c218b000-7fe0c218d000 rw-p 00000000 00:00 0 
7fe0c218d000-7fe0c21ad000 r-xp 00000000 08:01 131338                     /lib/x86_64-linux-gnu/libselinux.so.1
7fe0c21ad000-7fe0c23ac000 ---p 00020000 08:01 131338                     /lib/x86_64-linux-gnu/libselinux.so.1
7fe0c23ac000-7fe0c23ad000 r--p 0001f000 08:01 131338                     /lib/x86_64-linux-gnu/libselinux.so.1
7fe0c23ad000-7fe0c23ae000 rw-p 00020000 08:01 131338                     /lib/x86_64-linux-gnu/libselinux.so.1
7fe0c23ae000-7fe0c23b0000 rw-p 00000000 00:00 0 
7fe0c23b0000-7fe0c23b3000 r-xp 00000000 08:01 789263                     /usr/lib/x86_64-linux-gnu/libgmodule-2.0.so.0.4002.0
7fe0c23b3000-7fe0c25b2000 ---p 00003000 08:01 789263                     /usr/lib/x86_64-linux-gnu/libgmodule-2.0.so.0.4002.0
7fe0c25b2000-7fe0c25b3000 r--p 00002000 08:01 789263                     /usr/lib/x86_64-linux-gnu/libgmodule-2.0.so.0.4002.0
7fe0c25b3000-7fe0c25b4000 rw-p 00003000 08:01 789263                     /usr/lib/x86_64-linux-gnu/libgmodule-2.0.so.0.4002.0
7fe0c25b4000-7fe0c26ba000 r-xp 00000000 08:01 138178                     /lib/x86_64-linux-gnu/libglib-2.0.so.0.4002.0
7fe0c26ba000-7fe0c28b9000 ---p 00106000 08:01 138178                     /lib/x86_64-linux-gnu/libglib-2.0.so.0.4002.0
7fe0c28b9000-7fe0c28ba000 r--p 00105000 08:01 138178                     /lib/x86_64-linux-gnu/libglib-2.0.so.0.4002.0
7fe0c28ba000-7fe0c28bb000 rw-p 00106000 08:01 138178                     /lib/x86_64-linux-gnu/libglib-2.0.so.0.4002.0
7fe0c28bb000-7fe0c28bc000 rw-p 00000000 00:00 0 
7fe0c28bc000-7fe0c290b000 r-xp 00000000 08:01 789265                     /usr/lib/x86_64-linux-gnu/libgobject-2.0.so.0.4002.0
7fe0c290b000-7fe0c2b0b000 ---p 0004f000 08:01 789265                     /usr/lib/x86_64-linux-gnu/libgobject-2.0.so.0.4002.0
7fe0c2b0b000-7fe0c2b0c000 r--p 0004f000 08:01 789265                     /usr/lib/x86_64-linux-gnu/libgobject-2.0.so.0.4002.0
7fe0c2b0c000-7fe0c2b0d000 rw-p 00050000 08:01 789265                     /usr/lib/x86_64-linux-gnu/libgobject-2.0.so.0.4002.0
7fe0c2b0d000-7fe0c2c79000 r-xp 00000000 08:01 789269                     /usr/lib/x86_64-linux-gnu/libgio-2.0.so.0.4002.0
7fe0c2c79000-7fe0c2e78000 ---p 0016c000 08:01 789269                     /usr/lib/x86_64-linux-gnu/libgio-2.0.so.0.4002.0
7fe0c2e78000-7fe0c2e7c000 r--p 0016b000 08:01 789269                     /usr/lib/x86_64-linux-gnu/libgio-2.0.so.0.4002.0
7fe0c2e7c000-7fe0c2e7e000 rw-p 0016f000 08:01 789269                     /usr/lib/x86_64-linux-gnu/libgio-2.0.so.0.4002.0
7fe0c2e7e000-7fe0c2e80000 rw-p 00000000 00:00 0 
7fe0c2e80000-7fe0c2e97000 r-xp 00000000 08:01 805207                     /usr/lib/jvm/java-7-openjdk-amd64/jre/lib/amd64/libnet.so
7fe0c2e97000-7fe0c3096000 ---p 00017000 08:01 805207                     /usr/lib/jvm/java-7-openjdk-amd64/jre/lib/amd64/libnet.so
7fe0c3096000-7fe0c3097000 r--p 00016000 08:01 805207                     /usr/lib/jvm/java-7-openjdk-amd64/jre/lib/amd64/libnet.so
7fe0c3097000-7fe0c3098000 rw-p 00017000 08:01 805207                     /usr/lib/jvm/java-7-openjdk-amd64/jre/lib/amd64/libnet.so
7fe0c3098000-7fe0c30a8000 r-xp 00000000 08:01 805203                     /usr/lib/jvm/java-7-openjdk-amd64/jre/lib/amd64/libnio.so
7fe0c30a8000-7fe0c32a8000 ---p 00010000 08:01 805203                     /usr/lib/jvm/java-7-openjdk-amd64/jre/lib/amd64/libnio.so
7fe0c32a8000-7fe0c32a9000 r--p 00010000 08:01 805203                     /usr/lib/jvm/java-7-openjdk-amd64/jre/lib/amd64/libnio.so
7fe0c32a9000-7fe0c32aa000 rw-p 00011000 08:01 805203                     /usr/lib/jvm/java-7-openjdk-amd64/jre/lib/amd64/libnio.so
7fe0c32aa000-7fe0c32ab000 ---p 00000000 00:00 0 
7fe0c32ab000-7fe0c33ab000 rw-p 00000000 00:00 0                          [stack:2857]
7fe0c33ab000-7fe0c33ae000 ---p 00000000 00:00 0 
7fe0c33ae000-7fe0c34ac000 rw-p 00000000 00:00 0                          [stack:2856]
7fe0c34ac000-7fe0c34af000 ---p 00000000 00:00 0 
7fe0c34af000-7fe0c35ad000 rw-p 00000000 00:00 0                          [stack:2855]
7fe0c35ad000-7fe0c35b0000 ---p 00000000 00:00 0 
7fe0c35b0000-7fe0c36ae000 rw-p 00000000 00:00 0                          [stack:2854]
7fe0c36ae000-7fe0c36b1000 ---p 00000000 00:00 0 
7fe0c36b1000-7fe0c37af000 rw-p 00000000 00:00 0                          [stack:2853]
7fe0c37af000-7fe0c37b2000 ---p 00000000 00:00 0 
7fe0c37b2000-7fe0c38b0000 rw-p 00000000 00:00 0                          [stack:2852]
7fe0c38b0000-7fe0c38b3000 ---p 00000000 00:00 0 
7fe0c38b3000-7fe0c39b1000 rw-p 00000000 00:00 0                          [stack:2851]
7fe0c39b1000-7fe0c39b2000 ---p 00000000 00:00 0 
7fe0c39b2000-7fe0c3afb000 rw-p 00000000 00:00 0                          [stack:2850]
7fe0c3afb000-7fe0c3cad000 r--s 01d23000 08:01 805171                     /usr/lib/jvm/java-7-openjdk-amd64/jre/lib/rt.jar
7fe0c3cad000-7fe0c3d89000 rw-p 00000000 00:00 0 
7fe0c3d89000-7fe0c3dd2000 rw-p 00000000 00:00 0 
7fe0c3dd2000-7fe0c3ddf000 rw-p 00000000 00:00 0 
7fe0c3ddf000-7fe0c3e41000 rw-p 00000000 00:00 0 
7fe0c3e41000-7fe0c3e5a000 rw-p 00000000 00:00 0 
7fe0c3e5a000-7fe0c3f1f000 rw-p 00000000 00:00 0 
7fe0c3f1f000-7fe0c3f2a000 rw-p 00000000 00:00 0 
7fe0c3f2a000-7fe0c3f72000 rw-p 00000000 00:00 0 
7fe0c3f72000-7fe0c3f73000 rw-p 00000000 00:00 0 
7fe0c3f73000-7fe0c4723000 rwxp 00000000 00:00 0 
7fe0c4723000-7fe0c6f73000 rw-p 00000000 00:00 0 
7fe0c6f73000-7fe0c6f7b000 r-xp 00000000 08:01 805233                     /usr/lib/jvm/java-7-openjdk-amd64/jre/lib/amd64/libzip.so
7fe0c6f7b000-7fe0c717a000 ---p 00008000 08:01 805233                     /usr/lib/jvm/java-7-openjdk-amd64/jre/lib/amd64/libzip.so
7fe0c717a000-7fe0c717b000 r--p 00007000 08:01 805233                     /usr/lib/jvm/java-7-openjdk-amd64/jre/lib/amd64/libzip.so
7fe0c717b000-7fe0c717c000 rw-p 00008000 08:01 805233                     /usr/lib/jvm/java-7-openjdk-amd64/jre/lib/amd64/libzip.so
7fe0c717c000-7fe0c7187000 r-xp 00000000 08:01 138546                     /lib/x86_64-linux-gnu/libnss_files-2.19.so
7fe0c7187000-7fe0c7386000 ---p 0000b000 08:01 138546                     /lib/x86_64-linux-gnu/libnss_files-2.19.so
7fe0c7386000-7fe0c7387000 r--p 0000a000 08:01 138546                     /lib/x86_64-linux-gnu/libnss_files-2.19.so
7fe0c7387000-7fe0c7388000 rw-p 0000b000 08:01 138546                     /lib/x86_64-linux-gnu/libnss_files-2.19.so
7fe0c7388000-7fe0c7393000 r-xp 00000000 08:01 138543                     /lib/x86_64-linux-gnu/libnss_nis-2.19.so
7fe0c7393000-7fe0c7592000 ---p 0000b000 08:01 138543                     /lib/x86_64-linux-gnu/libnss_nis-2.19.so
7fe0c7592000-7fe0c7593000 r--p 0000a000 08:01 138543                     /lib/x86_64-linux-gnu/libnss_nis-2.19.so
7fe0c7593000-7fe0c7594000 rw-p 0000b000 08:01 138543                     /lib/x86_64-linux-gnu/libnss_nis-2.19.so
7fe0c7594000-7fe0c75ab000 r-xp 00000000 08:01 138537                     /lib/x86_64-linux-gnu/libnsl-2.19.so
7fe0c75ab000-7fe0c77aa000 ---p 00017000 08:01 138537                     /lib/x86_64-linux-gnu/libnsl-2.19.so
7fe0c77aa000-7fe0c77ab000 r--p 00016000 08:01 138537                     /lib/x86_64-linux-gnu/libnsl-2.19.so
7fe0c77ab000-7fe0c77ac000 rw-p 00017000 08:01 138537                     /lib/x86_64-linux-gnu/libnsl-2.19.so
7fe0c77ac000-7fe0c77ae000 rw-p 00000000 00:00 0 
7fe0c77ae000-7fe0c77b7000 r-xp 00000000 08:01 138534                     /lib/x86_64-linux-gnu/libnss_compat-2.19.so
7fe0c77b7000-7fe0c79b6000 ---p 00009000 08:01 138534                     /lib/x86_64-linux-gnu/libnss_compat-2.19.so
7fe0c79b6000-7fe0c79b7000 r--p 00008000 08:01 138534                     /lib/x86_64-linux-gnu/libnss_compat-2.19.so
7fe0c79b7000-7fe0c79b8000 rw-p 00009000 08:01 138534                     /lib/x86_64-linux-gnu/libnss_compat-2.19.so
7fe0c79b8000-7fe0c79e3000 r-xp 00000000 08:01 805217                     /usr/lib/jvm/java-7-openjdk-amd64/jre/lib/amd64/libjava.so
7fe0c79e3000-7fe0c7be3000 ---p 0002b000 08:01 805217                     /usr/lib/jvm/java-7-openjdk-amd64/jre/lib/amd64/libjava.so
7fe0c7be3000-7fe0c7be4000 r--p 0002b000 08:01 805217                     /usr/lib/jvm/java-7-openjdk-amd64/jre/lib/amd64/libjava.so
7fe0c7be4000-7fe0c7be6000 rw-p 0002c000 08:01 805217                     /usr/lib/jvm/java-7-openjdk-amd64/jre/lib/amd64/libjava.so
7fe0c7be6000-7fe0c7bf6000 r-xp 00000000 08:01 805216                     /usr/lib/jvm/java-7-openjdk-amd64/jre/lib/amd64/libverify.so
7fe0c7bf6000-7fe0c7df5000 ---p 00010000 08:01 805216                     /usr/lib/jvm/java-7-openjdk-amd64/jre/lib/amd64/libverify.so
7fe0c7df5000-7fe0c7df7000 r--p 0000f000 08:01 805216                     /usr/lib/jvm/java-7-openjdk-amd64/jre/lib/amd64/libverify.so
7fe0c7df7000-7fe0c7df8000 rw-p 00011000 08:01 805216                     /usr/lib/jvm/java-7-openjdk-amd64/jre/lib/amd64/libverify.so
7fe0c7df8000-7fe0c7dff000 r-xp 00000000 08:01 138529                     /lib/x86_64-linux-gnu/librt-2.19.so
7fe0c7dff000-7fe0c7ffe000 ---p 00007000 08:01 138529                     /lib/x86_64-linux-gnu/librt-2.19.so
7fe0c7ffe000-7fe0c7fff000 r--p 00006000 08:01 138529                     /lib/x86_64-linux-gnu/librt-2.19.so
7fe0c7fff000-7fe0c8000000 rw-p 00007000 08:01 138529                     /lib/x86_64-linux-gnu/librt-2.19.so
7fe0c8000000-7fe0c90dc000 rw-p 00000000 00:00 0 
7fe0c90dc000-7fe0cc000000 ---p 00000000 00:00 0 
7fe0cc028000-7fe0cc043000 r--s 00194000 08:01 1065720                    /var/www/project/public/decompiler.jar
7fe0cc043000-7fe0cc05c000 rw-p 00000000 00:00 0 
7fe0cc05c000-7fe0cc122000 rw-p 00000000 00:00 0 
7fe0cc122000-7fe0cc138000 r-xp 00000000 08:01 131246                     /lib/x86_64-linux-gnu/libgcc_s.so.1
7fe0cc138000-7fe0cc337000 ---p 00016000 08:01 131246                     /lib/x86_64-linux-gnu/libgcc_s.so.1
7fe0cc337000-7fe0cc338000 rw-p 00015000 08:01 131246                     /lib/x86_64-linux-gnu/libgcc_s.so.1
7fe0cc338000-7fe0cc43d000 r-xp 00000000 08:01 138536                     /lib/x86_64-linux-gnu/libm-2.19.so
7fe0cc43d000-7fe0cc63c000 ---p 00105000 08:01 138536                     /lib/x86_64-linux-gnu/libm-2.19.so
7fe0cc63c000-7fe0cc63d000 r--p 00104000 08:01 138536                     /lib/x86_64-linux-gnu/libm-2.19.so
7fe0cc63d000-7fe0cc63e000 rw-p 00105000 08:01 138536                     /lib/x86_64-linux-gnu/libm-2.19.so
7fe0cc63e000-7fe0cc724000 r-xp 00000000 08:01 789393                     /usr/lib/x86_64-linux-gnu/libstdc++.so.6.0.19
7fe0cc724000-7fe0cc923000 ---p 000e6000 08:01 789393                     /usr/lib/x86_64-linux-gnu/libstdc++.so.6.0.19
7fe0cc923000-7fe0cc92b000 r--p 000e5000 08:01 789393                     /usr/lib/x86_64-linux-gnu/libstdc++.so.6.0.19
7fe0cc92b000-7fe0cc92d000 rw-p 000ed000 08:01 789393                     /usr/lib/x86_64-linux-gnu/libstdc++.so.6.0.19
7fe0cc92d000-7fe0cc942000 rw-p 00000000 00:00 0 
7fe0cc942000-7fe0cd45a000 r-xp 00000000 08:01 805222                     /usr/lib/jvm/java-7-openjdk-amd64/jre/lib/amd64/server/libjvm.so
7fe0cd45a000-7fe0cd65a000 ---p 00b18000 08:01 805222                     /usr/lib/jvm/java-7-openjdk-amd64/jre/lib/amd64/server/libjvm.so
7fe0cd65a000-7fe0cd6f4000 r--p 00b18000 08:01 805222                     /usr/lib/jvm/java-7-openjdk-amd64/jre/lib/amd64/server/libjvm.so
7fe0cd6f4000-7fe0cd717000 rw-p 00bb2000 08:01 805222                     /usr/lib/jvm/java-7-openjdk-amd64/jre/lib/amd64/server/libjvm.so
7fe0cd717000-7fe0cd745000 rw-p 00000000 00:00 0 
7fe0cd745000-7fe0cd75d000 r-xp 00000000 08:01 131358                     /lib/x86_64-linux-gnu/libz.so.1.2.8
7fe0cd75d000-7fe0cd95c000 ---p 00018000 08:01 131358                     /lib/x86_64-linux-gnu/libz.so.1.2.8
7fe0cd95c000-7fe0cd95d000 r--p 00017000 08:01 131358                     /lib/x86_64-linux-gnu/libz.so.1.2.8
7fe0cd95d000-7fe0cd95e000 rw-p 00018000 08:01 131358                     /lib/x86_64-linux-gnu/libz.so.1.2.8
7fe0cd95e000-7fe0cd977000 r-xp 00000000 08:01 138545                     /lib/x86_64-linux-gnu/libpthread-2.19.so
7fe0cd977000-7fe0cdb76000 ---p 00019000 08:01 138545                     /lib/x86_64-linux-gnu/libpthread-2.19.so
7fe0cdb76000-7fe0cdb77000 r--p 00018000 08:01 138545                     /lib/x86_64-linux-gnu/libpthread-2.19.so
7fe0cdb77000-7fe0cdb78000 rw-p 00019000 08:01 138545                     /lib/x86_64-linux-gnu/libpthread-2.19.so
7fe0cdb78000-7fe0cdb7c000 rw-p 00000000 00:00 0 
7fe0cdb7c000-7fe0cdb7f000 r-xp 00000000 08:01 138532                     /lib/x86_64-linux-gnu/libdl-2.19.so
7fe0cdb7f000-7fe0cdd7e000 ---p 00003000 08:01 138532                     /lib/x86_64-linux-gnu/libdl-2.19.so
7fe0cdd7e000-7fe0cdd7f000 r--p 00002000 08:01 138532                     /lib/x86_64-linux-gnu/libdl-2.19.so
7fe0cdd7f000-7fe0cdd80000 rw-p 00003000 08:01 138532                     /lib/x86_64-linux-gnu/libdl-2.19.so
7fe0cdd80000-7fe0cdf3b000 r-xp 00000000 08:01 138528                     /lib/x86_64-linux-gnu/libc-2.19.so
7fe0cdf3b000-7fe0ce13b000 ---p 001bb000 08:01 138528                     /lib/x86_64-linux-gnu/libc-2.19.so
7fe0ce13b000-7fe0ce13f000 r--p 001bb000 08:01 138528                     /lib/x86_64-linux-gnu/libc-2.19.so
7fe0ce13f000-7fe0ce141000 rw-p 001bf000 08:01 138528                     /lib/x86_64-linux-gnu/libc-2.19.so
7fe0ce141000-7fe0ce146000 rw-p 00000000 00:00 0 
7fe0ce146000-7fe0ce153000 r-xp 00000000 08:01 805199                     /usr/lib/jvm/java-7-openjdk-amd64/jre/lib/amd64/jli/libjli.so
7fe0ce153000-7fe0ce352000 ---p 0000d000 08:01 805199                     /usr/lib/jvm/java-7-openjdk-amd64/jre/lib/amd64/jli/libjli.so
7fe0ce352000-7fe0ce353000 r--p 0000c000 08:01 805199                     /usr/lib/jvm/java-7-openjdk-amd64/jre/lib/amd64/jli/libjli.so
7fe0ce353000-7fe0ce354000 rw-p 0000d000 08:01 805199                     /usr/lib/jvm/java-7-openjdk-amd64/jre/lib/amd64/jli/libjli.so
7fe0ce354000-7fe0ce377000 r-xp 00000000 08:01 138526                     /lib/x86_64-linux-gnu/ld-2.19.so
7fe0ce382000-7fe0ce385000 rw-p 00000000 00:00 0 
7fe0ce385000-7fe0ce388000 r--s 00017000 08:01 805154                     /usr/lib/jvm/java-7-openjdk-amd64/jre/lib/jce.jar
7fe0ce388000-7fe0ce391000 r--s 000b9000 08:01 805173                     /usr/lib/jvm/java-7-openjdk-amd64/jre/lib/resources.jar
7fe0ce391000-7fe0ce395000 r--s 0003c000 08:01 805176                     /usr/lib/jvm/java-7-openjdk-amd64/jre/lib/ext/sunpkcs11.jar
7fe0ce395000-7fe0ce397000 r--s 00012000 08:01 805178                     /usr/lib/jvm/java-7-openjdk-amd64/jre/lib/ext/zipfs.jar
7fe0ce397000-7fe0ce39a000 r--s 0000f000 08:01 805175                     /usr/lib/jvm/java-7-openjdk-amd64/jre/lib/ext/icedtea-sound.jar
7fe0ce39a000-7fe0ce3b9000 rw-p 00000000 00:00 0 
7fe0ce3b9000-7fe0ce45a000 rw-p 00000000 00:00 0 
7fe0ce45a000-7fe0ce45d000 ---p 00000000 00:00 0 
7fe0ce45d000-7fe0ce560000 rw-p 00000000 00:00 0                          [stack:2849]
7fe0ce560000-7fe0ce561000 r--s 00002000 08:01 805179                     /usr/lib/jvm/java-7-openjdk-amd64/jre/lib/ext/dnsns.jar
7fe0ce561000-7fe0ce563000 r--s 00006000 08:01 805342                     /usr/share/java/java-atk-wrapper.jar
7fe0ce563000-7fe0ce567000 r--s 00034000 08:01 805177                     /usr/lib/jvm/java-7-openjdk-amd64/jre/lib/ext/sunjce_provider.jar
7fe0ce567000-7fe0ce56a000 r--s 00086000 08:01 805180                     /usr/lib/jvm/java-7-openjdk-amd64/jre/lib/ext/localedata.jar
7fe0ce56a000-7fe0ce572000 rw-s 00000000 08:01 1065785                    /tmp/hsperfdata_www-data/2848
7fe0ce572000-7fe0ce573000 rw-p 00000000 00:00 0 
7fe0ce573000-7fe0ce574000 r--p 00000000 00:00 0 
7fe0ce574000-7fe0ce576000 rw-p 00000000 00:00 0 
7fe0ce576000-7fe0ce577000 r--p 00022000 08:01 138526                     /lib/x86_64-linux-gnu/ld-2.19.so
7fe0ce577000-7fe0ce578000 rw-p 00023000 08:01 138526                     /lib/x86_64-linux-gnu/ld-2.19.so
7fe0ce578000-7fe0ce579000 rw-p 00000000 00:00 0 
7fff05f4b000-7fff05f6c000 rw-p 00000000 00:00 0                          [stack]
7fff05ffe000-7fff06000000 r-xp 00000000 00:00 0                          [vdso]
ffffffffff600000-ffffffffff601000 r-xp 00000000 00:00 0                  [vsyscall]

VM Arguments:
java_command: /var/www/project/public/decompiler.jar -jar /var/www/project/storage/apk/com.surpax.ledflashlight.panel_dex2jar.jar -o /var/www/project/storage/apk/com.surpax.ledflashlight.panel
Launcher Type: SUN_STANDARD

Environment Variables:
PATH=/usr/local/sbin:/usr/local/bin:/usr/sbin:/usr/bin:/sbin:/bin

Signal Handlers:
SIGSEGV: [libjvm.so+0x94b4b0], sa_mask[0]=0x7ffbfeff, sa_flags=0x10000004
SIGBUS: [libjvm.so+0x94b4b0], sa_mask[0]=0x7ffbfeff, sa_flags=0x10000004
SIGFPE: [libjvm.so+0x7c3390], sa_mask[0]=0x7ffbfeff, sa_flags=0x10000004
SIGPIPE: [libjvm.so+0x7c3390], sa_mask[0]=0x7ffbfeff, sa_flags=0x10000004
SIGXFSZ: [libjvm.so+0x7c3390], sa_mask[0]=0x7ffbfeff, sa_flags=0x10000004
SIGILL: [libjvm.so+0x7c3390], sa_mask[0]=0x7ffbfeff, sa_flags=0x10000004
SIGUSR1: SIG_DFL, sa_mask[0]=0x00000000, sa_flags=0x00000000
SIGUSR2: [libjvm.so+0x7c3230], sa_mask[0]=0x00000000, sa_flags=0x10000004
SIGHUP: [libjvm.so+0x7c3410], sa_mask[0]=0x7ffbfeff, sa_flags=0x10000004
SIGINT: [libjvm.so+0x7c3410], sa_mask[0]=0x7ffbfeff, sa_flags=0x10000004
SIGTERM: [libjvm.so+0x7c3410], sa_mask[0]=0x7ffbfeff, sa_flags=0x10000004
SIGQUIT: [libjvm.so+0x7c3410], sa_mask[0]=0x7ffbfeff, sa_flags=0x10000004
SIGTRAP: SIG_DFL, sa_mask[0]=0x00000000, sa_flags=0x00000000


---------------  S Y S T E M  ---------------

OS:Ubuntu 14.04 (trusty)
uname:Linux 3.13.0-32-generic #57-Ubuntu SMP Tue Jul 15 03:51:08 UTC 2014 x86_64
libc:glibc 2.19 NPTL 2.19 
rlimit: STACK 8192k, CORE 0k, NPROC 15846, NOFILE 8192, AS infinity
load average:5.08 3.97 2.34

/proc/meminfo:
MemTotal:        2050060 kB
MemFree:           70560 kB
Buffers:            5192 kB
Cached:           313960 kB
SwapCached:        30488 kB
Active:          1253620 kB
Inactive:         535180 kB
Active(anon):    1170912 kB
Inactive(anon):   402148 kB
Active(file):      82708 kB
Inactive(file):   133032 kB
Unevictable:           0 kB
Mlocked:               0 kB
SwapTotal:       2094076 kB
SwapFree:        1345588 kB
Dirty:               372 kB
Writeback:             0 kB
AnonPages:       1465056 kB
Mapped:           171180 kB
Shmem:            103456 kB
Slab:              67536 kB
SReclaimable:      40168 kB
SUnreclaim:        27368 kB
KernelStack:        4256 kB
PageTables:        50608 kB
NFS_Unstable:          0 kB
Bounce:                0 kB
WritebackTmp:          0 kB
CommitLimit:     3119104 kB
Committed_AS:    5931744 kB
VmallocTotal:   34359738367 kB
VmallocUsed:        8148 kB
VmallocChunk:   34359716468 kB
HardwareCorrupted:     0 kB
AnonHugePages:    856064 kB
HugePages_Total:       0
HugePages_Free:        0
HugePages_Rsvd:        0
HugePages_Surp:        0
Hugepagesize:       2048 kB
DirectMap4k:       18368 kB
DirectMap2M:     2078720 kB


CPU:total 1 (1 cores per cpu, 1 threads per core) family 6 model 60 stepping 3, cmov, cx8, fxsr, mmx, sse, sse2, sse3, ssse3, tsc

/proc/cpuinfo:
processor	: 0
vendor_id	: GenuineIntel
cpu family	: 6
model		: 60
model name	: Intel(R) Core(TM) i5-4200M CPU @ 2.50GHz
stepping	: 3
microcode	: 0x19
cpu MHz		: 2494.675
cache size	: 6144 KB
physical id	: 0
siblings	: 1
core id		: 0
cpu cores	: 1
apicid		: 0
initial apicid	: 0
fpu		: yes
fpu_exception	: yes
cpuid level	: 5
wp		: yes
flags		: fpu vme de pse tsc msr pae mce cx8 apic sep mtrr pge mca cmov pat pse36 clflush mmx fxsr sse sse2 syscall nx rdtscp lm constant_tsc rep_good nopl pni monitor ssse3 lahf_lm
bogomips	: 4989.35
clflush size	: 64
cache_alignment	: 64
address sizes	: 39 bits physical, 48 bits virtual
power management:



Memory: 4k page, physical 2050060k(70436k free), swap 2094076k(1345588k free)

vm_info: OpenJDK 64-Bit Server VM (24.75-b04) for linux-amd64 JRE (1.7.0_75-b13), built on Jan 27 2015 00:38:59 by "buildd" with gcc 4.8.2

time: Tue Jun  9 14:52:03 2015
elapsed time: 160 seconds

