#
# A fatal error has been detected by the Java Runtime Environment:
#
#  SIGBUS (0x7) at pc=0x00007f2e22d87f5d, pid=3699, tid=139836185151232
#
# JRE version: OpenJDK Runtime Environment (7.0_75-b13) (build 1.7.0_75-b13)
# Java VM: OpenJDK 64-Bit Server VM (24.75-b04 mixed mode linux-amd64 compressed oops)
# Derivative: IcedTea 2.5.4
# Distribution: Ubuntu 14.04 LTS, package 7u75-2.5.4-1~trusty1
# Problematic frame:
# C  [libzip.so+0x4f5d]
#
# Failed to write core dump. Core dumps have been disabled. To enable core dumping, try "ulimit -c unlimited" before starting Java again
#
# If you would like to submit a bug report, please include
# instructions on how to reproduce the bug and visit:
#   http://icedtea.classpath.org/bugzilla
# The crash happened outside the Java Virtual Machine in native code.
# See problematic frame for where to report the bug.
#

---------------  T H R E A D  ---------------

Current thread (0x00007f2e1c00a000):  JavaThread "main" [_thread_in_native, id=3700, stack(0x00007f2e26148000,0x00007f2e26249000)]

siginfo:si_signo=SIGBUS: si_errno=0, si_code=2 (BUS_ADRERR), si_addr=0x00007f2e207adf3e

Registers:
RAX=0x00007f2e1c72ec60, RBX=0x00007f2e1c19f3c0, RCX=0x00007f2e1c000020, RDX=0x00007f2e1c72ec60
RSP=0x00007f2e26245310, RBP=0x00007f2e26245370, RSI=0x0000000000000120, RDI=0x00007f2e1c000020
R8 =0x0000000000000003, R9 =0x00007f2e1c000078, R10=0x00007f2e190127ac, R11=0x00007f2e24e8cdd0
R12=0x00007f2e1c1a2a28, R13=0x00007f2e207adf21, R14=0x00007f2e1c72ec60, R15=0x00000000926ed20d
RIP=0x00007f2e22d87f5d, EFLAGS=0x0000000000010206, CSGSFS=0x0000000000000033, ERR=0x0000000000000004
  TRAPNO=0x000000000000000e

Top of Stack: (sp=0x00007f2e26245310)
0x00007f2e26245310:   0000000000000000 00007f2e1c716890
0x00007f2e26245320:   00007f2e1c716f80 00000000f5cef910
0x00007f2e26245330:   00007f2e26245a00 00007f2e24dbf7cc
0x00007f2e26245340:   00007f2e262453e0 00007f2e1c1a2a20
0x00007f2e26245350:   00007f2e1c19f3c0 00007f2e262453e0
0x00007f2e26245360:   0000000000000000 00000000926ed20d
0x00007f2e26245370:   00007f2e262453c0 00007f2e22d88d0d
0x00007f2e26245380:   00000002ffffffff 00000032262453c0
0x00007f2e26245390:   00007f2e26245b48 00007f2e262453e0
0x00007f2e262453a0:   00007f2e262458b8 00007f2e262453e0
0x00007f2e262453b0:   0000000000000032 00007f2e1c00a1d8
0x00007f2e262453c0:   00007f2e26245820 00007f2e22d86958
0x00007f2e262453d0:   000000011910b1d0 00007f2e1c19f3c0
0x00007f2e262453e0:   2f64696f72646e61 2f74726f70707573
0x00007f2e262453f0:   412f7070612f3476 7261426e6f697463
0x00007f2e26245400:   6f54726577617244 616c632e656c6767
0x00007f2e26245410:   00007f2e1c007373 00000000000003d8
0x00007f2e26245420:   00007f2e26247ab0 00007f2e1c00a000
0x00007f2e26245430:   00004d5419000401 00007f2e1c01ef60
0x00007f2e26245440:   00007f2e1c00a000 00007f2e00000010
0x00007f2e26245450:   00007f2e262455c0 00007f2e262455d0
0x00007f2e26245460:   00007f2e1c00a000 00007f2e1c00abd8
0x00007f2e26245470:   00000000000002e8 00007f2e1c00aac0
0x00007f2e26245480:   00007f2e26245ac0 0000000000000c00
0x00007f2e26245490:   0000000000000000 0000000000000000
0x00007f2e262454a0:   00007f2e26245500 00000000f6444ee8
0x00007f2e262454b0:   00007f2e00000001 00007f2e22a540d0
0x00007f2e262454c0:   00000000000003f1 00007f2e1c00aac0
0x00007f2e262454d0:   0000000000000000 00000000f5a02b78
0x00007f2e262454e0:   00007f2e26245550 00007f2e24ef9932
0x00007f2e262454f0:   00007f2e1c00a000 00007f2e27f6a7b9
0x00007f2e26245500:   00007f2e1c005af0 0000000000000051 

Instructions: (pc=0x00007f2e22d87f5d)
0x00007f2e22d87f3d:   73 48 48 8b 7b 10 b9 a0 00 00 00 49 8b 14 24 e8
0x00007f2e22d87f4d:   8f fe ff ff 49 89 c5 4d 85 ed 0f 84 d3 04 00 00
0x00007f2e22d87f5d:   41 0f b6 55 1d 41 0f b6 45 1c 45 31 e4 41 0f b6
0x00007f2e22d87f6d:   75 0d 41 0f b6 7d 0e 45 0f b6 7d 1f c1 e2 08 09 

Register to memory mapping:

RAX=0x00007f2e1c72ec60 is an unknown value
RBX=0x00007f2e1c19f3c0 is an unknown value
RCX=0x00007f2e1c000020 is an unknown value
RDX=0x00007f2e1c72ec60 is an unknown value
RSP=0x00007f2e26245310 is pointing into the stack for thread: 0x00007f2e1c00a000
RBP=0x00007f2e26245370 is pointing into the stack for thread: 0x00007f2e1c00a000
RSI=0x0000000000000120 is an unknown value
RDI=0x00007f2e1c000020 is an unknown value
R8 =0x0000000000000003 is an unknown value
R9 =0x00007f2e1c000078 is an unknown value
R10=0x00007f2e190127ac is at code_begin+620 in an Interpreter codelet
method entry point (kind = native)  [0x00007f2e19012540, 0x00007f2e19012d80]  2112 bytes
R11=0x00007f2e24e8cdd0: <offset 0x85cdd0> in /usr/lib/jvm/java-7-openjdk-amd64/jre/lib/amd64/server/libjvm.so at 0x00007f2e24630000
R12=0x00007f2e1c1a2a28 is an unknown value
R13=0x00007f2e207adf21 is an unknown value
R14=0x00007f2e1c72ec60 is an unknown value
R15=0x00000000926ed20d is an unknown value


Stack: [0x00007f2e26148000,0x00007f2e26249000],  sp=0x00007f2e26245310,  free space=1012k
Native frames: (J=compiled Java code, j=interpreted, Vv=VM code, C=native code)
C  [libzip.so+0x4f5d]
C  [libzip.so+0x5d0d]  ZIP_GetEntry+0xcd
C  [libzip.so+0x3958]  Java_java_util_zip_ZipFile_getEntry+0xa8
j  java.util.zip.ZipFile.getEntry(J[BZ)J+0
j  java.util.zip.ZipFile.getEntry(Ljava/lang/String;)Ljava/util/zip/ZipEntry;+38
j  java.util.jar.JarFile.getEntry(Ljava/lang/String;)Ljava/util/zip/ZipEntry;+2
j  java.util.jar.JarFile.getJarEntry(Ljava/lang/String;)Ljava/util/jar/JarEntry;+2
j  com.strobel.assembler.metadata.JarTypeLoader.tryLoadType(Ljava/lang/String;Lcom/strobel/assembler/metadata/Buffer;)Z+65
j  com.strobel.assembler.metadata.CompositeTypeLoader.tryLoadType(Ljava/lang/String;Lcom/strobel/assembler/metadata/Buffer;)Z+29
j  com.strobel.assembler.metadata.MethodDefinition.tryLoadBody()Lcom/strobel/assembler/metadata/MethodBody;+107
j  com.strobel.assembler.metadata.MethodDefinition.getBody()Lcom/strobel/assembler/metadata/MethodBody;+25
j  com.strobel.decompiler.languages.BytecodeLanguage.writeMethodBody(Lcom/strobel/decompiler/ITextOutput;Lcom/strobel/assembler/metadata/MethodDefinition;Lcom/strobel/decompiler/DecompilationOptions;)V+1
j  com.strobel.decompiler.languages.BytecodeLanguage.decompileMethod(Lcom/strobel/assembler/metadata/MethodDefinition;Lcom/strobel/decompiler/ITextOutput;Lcom/strobel/decompiler/DecompilationOptions;)V+10
j  com.strobel.decompiler.languages.java.ast.AstMethodBodyBuilder.createErrorBlock(Lcom/strobel/decompiler/languages/java/ast/AstBuilder;Lcom/strobel/decompiler/DecompilerContext;Lcom/strobel/assembler/metadata/MethodDefinition;Ljava/lang/Throwable;)Lcom/strobel/decompiler/languages/java/ast/BlockStatement;+124
j  com.strobel.decompiler.languages.java.ast.AstMethodBodyBuilder.createMethodBody(Lcom/strobel/decompiler/languages/java/ast/AstBuilder;Lcom/strobel/assembler/metadata/MethodDefinition;Lcom/strobel/decompiler/DecompilerContext;Ljava/lang/Iterable;)Lcom/strobel/decompiler/languages/java/ast/BlockStatement;+68
j  com.strobel.decompiler.languages.java.ast.AstBuilder.createMethodBody(Lcom/strobel/assembler/metadata/MethodDefinition;Ljava/lang/Iterable;)Lcom/strobel/decompiler/languages/java/ast/BlockStatement;+14
j  com.strobel.decompiler.languages.java.ast.AstBuilder.createMethod(Lcom/strobel/assembler/metadata/MethodDefinition;)Lcom/strobel/decompiler/languages/java/ast/MethodDeclaration;+220
j  com.strobel.decompiler.languages.java.ast.AstBuilder.addTypeMembers(Lcom/strobel/decompiler/languages/java/ast/TypeDeclaration;Lcom/strobel/assembler/metadata/TypeDefinition;)V+104
j  com.strobel.decompiler.languages.java.ast.AstBuilder.createTypeCore(Lcom/strobel/assembler/metadata/TypeDefinition;)Lcom/strobel/decompiler/languages/java/ast/TypeDeclaration;+431
j  com.strobel.decompiler.languages.java.ast.AstBuilder.createTypeNoCache(Lcom/strobel/assembler/metadata/TypeDefinition;)Lcom/strobel/decompiler/languages/java/ast/TypeDeclaration;+25
j  com.strobel.decompiler.languages.java.ast.AstBuilder.createType(Lcom/strobel/assembler/metadata/TypeDefinition;)Lcom/strobel/decompiler/languages/java/ast/TypeDeclaration;+44
j  com.strobel.decompiler.languages.java.ast.transforms.EliminateSyntheticAccessorsTransform.visitInvocationExpression(Lcom/strobel/decompiler/languages/java/ast/InvocationExpression;Ljava/lang/Void;)Ljava/lang/Void;+177
j  com.strobel.decompiler.languages.java.ast.transforms.EliminateSyntheticAccessorsTransform.visitInvocationExpression(Lcom/strobel/decompiler/languages/java/ast/InvocationExpression;Ljava/lang/Object;)Ljava/lang/Object;+6
j  com.strobel.decompiler.languages.java.ast.InvocationExpression.acceptVisitor(Lcom/strobel/decompiler/languages/java/ast/IAstVisitor;Ljava/lang/Object;)Ljava/lang/Object;+3
J 85 C2 com.strobel.decompiler.languages.java.ast.DepthFirstAstVisitor.visitChildren(Lcom/strobel/decompiler/languages/java/ast/AstNode;Ljava/lang/Object;)Ljava/lang/Object; (33 bytes) @ 0x00007f2e1907f52c [0x00007f2e1907f4e0+0x4c]
J 347 C2 com.strobel.decompiler.languages.java.ast.DepthFirstAstVisitor.visitMemberReferenceExpression(Lcom/strobel/decompiler/languages/java/ast/MemberReferenceExpression;Ljava/lang/Object;)Ljava/lang/Object; (7 bytes) @ 0x00007f2e1913408c [0x00007f2e19134060+0x2c]
J 346 C2 com.strobel.decompiler.languages.java.ast.MemberReferenceExpression.acceptVisitor(Lcom/strobel/decompiler/languages/java/ast/IAstVisitor;Ljava/lang/Object;)Ljava/lang/Object; (9 bytes) @ 0x00007f2e1913a2d4 [0x00007f2e1913a2a0+0x34]
J 85 C2 com.strobel.decompiler.languages.java.ast.DepthFirstAstVisitor.visitChildren(Lcom/strobel/decompiler/languages/java/ast/AstNode;Ljava/lang/Object;)Ljava/lang/Object; (33 bytes) @ 0x00007f2e1907f52c [0x00007f2e1907f4e0+0x4c]
j  com.strobel.decompiler.languages.java.ast.DepthFirstAstVisitor.visitInvocationExpression(Lcom/strobel/decompiler/languages/java/ast/InvocationExpression;Ljava/lang/Object;)Ljava/lang/Object;+3
j  com.strobel.decompiler.languages.java.ast.transforms.EliminateSyntheticAccessorsTransform.visitInvocationExpression(Lcom/strobel/decompiler/languages/java/ast/InvocationExpression;Ljava/lang/Void;)Ljava/lang/Void;+3
j  com.strobel.decompiler.languages.java.ast.transforms.EliminateSyntheticAccessorsTransform.visitInvocationExpression(Lcom/strobel/decompiler/languages/java/ast/InvocationExpression;Ljava/lang/Object;)Ljava/lang/Object;+6
j  com.strobel.decompiler.languages.java.ast.InvocationExpression.acceptVisitor(Lcom/strobel/decompiler/languages/java/ast/IAstVisitor;Ljava/lang/Object;)Ljava/lang/Object;+3
J 85 C2 com.strobel.decompiler.languages.java.ast.DepthFirstAstVisitor.visitChildren(Lcom/strobel/decompiler/languages/java/ast/AstNode;Ljava/lang/Object;)Ljava/lang/Object; (33 bytes) @ 0x00007f2e1907f52c [0x00007f2e1907f4e0+0x4c]
J 347 C2 com.strobel.decompiler.languages.java.ast.DepthFirstAstVisitor.visitMemberReferenceExpression(Lcom/strobel/decompiler/languages/java/ast/MemberReferenceExpression;Ljava/lang/Object;)Ljava/lang/Object; (7 bytes) @ 0x00007f2e1913408c [0x00007f2e19134060+0x2c]
J 346 C2 com.strobel.decompiler.languages.java.ast.MemberReferenceExpression.acceptVisitor(Lcom/strobel/decompiler/languages/java/ast/IAstVisitor;Ljava/lang/Object;)Ljava/lang/Object; (9 bytes) @ 0x00007f2e1913a2d4 [0x00007f2e1913a2a0+0x34]
J 85 C2 com.strobel.decompiler.languages.java.ast.DepthFirstAstVisitor.visitChildren(Lcom/strobel/decompiler/languages/java/ast/AstNode;Ljava/lang/Object;)Ljava/lang/Object; (33 bytes) @ 0x00007f2e1907f52c [0x00007f2e1907f4e0+0x4c]
j  com.strobel.decompiler.languages.java.ast.DepthFirstAstVisitor.visitInvocationExpression(Lcom/strobel/decompiler/languages/java/ast/InvocationExpression;Ljava/lang/Object;)Ljava/lang/Object;+3
j  com.strobel.decompiler.languages.java.ast.transforms.EliminateSyntheticAccessorsTransform.visitInvocationExpression(Lcom/strobel/decompiler/languages/java/ast/InvocationExpression;Ljava/lang/Void;)Ljava/lang/Void;+3
j  com.strobel.decompiler.languages.java.ast.transforms.EliminateSyntheticAccessorsTransform.visitInvocationExpression(Lcom/strobel/decompiler/languages/java/ast/InvocationExpression;Ljava/lang/Object;)Ljava/lang/Object;+6
j  com.strobel.decompiler.languages.java.ast.InvocationExpression.acceptVisitor(Lcom/strobel/decompiler/languages/java/ast/IAstVisitor;Ljava/lang/Object;)Ljava/lang/Object;+3
J 85 C2 com.strobel.decompiler.languages.java.ast.DepthFirstAstVisitor.visitChildren(Lcom/strobel/decompiler/languages/java/ast/AstNode;Ljava/lang/Object;)Ljava/lang/Object; (33 bytes) @ 0x00007f2e1907f52c [0x00007f2e1907f4e0+0x4c]
j  com.strobel.decompiler.languages.java.ast.DepthFirstAstVisitor.visitInvocationExpression(Lcom/strobel/decompiler/languages/java/ast/InvocationExpression;Ljava/lang/Object;)Ljava/lang/Object;+3
j  com.strobel.decompiler.languages.java.ast.transforms.EliminateSyntheticAccessorsTransform.visitInvocationExpression(Lcom/strobel/decompiler/languages/java/ast/InvocationExpression;Ljava/lang/Void;)Ljava/lang/Void;+3
j  com.strobel.decompiler.languages.java.ast.transforms.EliminateSyntheticAccessorsTransform.visitInvocationExpression(Lcom/strobel/decompiler/languages/java/ast/InvocationExpression;Ljava/lang/Object;)Ljava/lang/Object;+6
j  com.strobel.decompiler.languages.java.ast.InvocationExpression.acceptVisitor(Lcom/strobel/decompiler/languages/java/ast/IAstVisitor;Ljava/lang/Object;)Ljava/lang/Object;+3
J 85 C2 com.strobel.decompiler.languages.java.ast.DepthFirstAstVisitor.visitChildren(Lcom/strobel/decompiler/languages/java/ast/AstNode;Ljava/lang/Object;)Ljava/lang/Object; (33 bytes) @ 0x00007f2e1907f52c [0x00007f2e1907f4e0+0x4c]
j  com.strobel.decompiler.languages.java.ast.DepthFirstAstVisitor.visitBinaryOperatorExpression(Lcom/strobel/decompiler/languages/java/ast/BinaryOperatorExpression;Ljava/lang/Object;)Ljava/lang/Object;+3
j  com.strobel.decompiler.languages.java.ast.BinaryOperatorExpression.acceptVisitor(Lcom/strobel/decompiler/languages/java/ast/IAstVisitor;Ljava/lang/Object;)Ljava/lang/Object;+3
J 85 C2 com.strobel.decompiler.languages.java.ast.DepthFirstAstVisitor.visitChildren(Lcom/strobel/decompiler/languages/java/ast/AstNode;Ljava/lang/Object;)Ljava/lang/Object; (33 bytes) @ 0x00007f2e1907f52c [0x00007f2e1907f4e0+0x4c]
j  com.strobel.decompiler.languages.java.ast.DepthFirstAstVisitor.visitIfElseStatement(Lcom/strobel/decompiler/languages/java/ast/IfElseStatement;Ljava/lang/Object;)Ljava/lang/Object;+3
j  com.strobel.decompiler.languages.java.ast.IfElseStatement.acceptVisitor(Lcom/strobel/decompiler/languages/java/ast/IAstVisitor;Ljava/lang/Object;)Ljava/lang/Object;+3
J 85 C2 com.strobel.decompiler.languages.java.ast.DepthFirstAstVisitor.visitChildren(Lcom/strobel/decompiler/languages/java/ast/AstNode;Ljava/lang/Object;)Ljava/lang/Object; (33 bytes) @ 0x00007f2e1907f52c [0x00007f2e1907f4e0+0x4c]
j  com.strobel.decompiler.languages.java.ast.DepthFirstAstVisitor.visitBlockStatement(Lcom/strobel/decompiler/languages/java/ast/BlockStatement;Ljava/lang/Object;)Ljava/lang/Object;+3
j  com.strobel.decompiler.languages.java.ast.BlockStatement.acceptVisitor(Lcom/strobel/decompiler/languages/java/ast/IAstVisitor;Ljava/lang/Object;)Ljava/lang/Object;+3
J 85 C2 com.strobel.decompiler.languages.java.ast.DepthFirstAstVisitor.visitChildren(Lcom/strobel/decompiler/languages/java/ast/AstNode;Ljava/lang/Object;)Ljava/lang/Object; (33 bytes) @ 0x00007f2e1907f52c [0x00007f2e1907f4e0+0x4c]
j  com.strobel.decompiler.languages.java.ast.DepthFirstAstVisitor.visitMethodDeclaration(Lcom/strobel/decompiler/languages/java/ast/MethodDeclaration;Ljava/lang/Object;)Ljava/lang/Object;+3
j  com.strobel.decompiler.languages.java.ast.ContextTrackingVisitor.visitMethodDeclaration(Lcom/strobel/decompiler/languages/java/ast/MethodDeclaration;Ljava/lang/Void;)Ljava/lang/Object;+44
j  com.strobel.decompiler.languages.java.ast.ContextTrackingVisitor.visitMethodDeclaration(Lcom/strobel/decompiler/languages/java/ast/MethodDeclaration;Ljava/lang/Object;)Ljava/lang/Object;+6
j  com.strobel.decompiler.languages.java.ast.MethodDeclaration.acceptVisitor(Lcom/strobel/decompiler/languages/java/ast/IAstVisitor;Ljava/lang/Object;)Ljava/lang/Object;+3
J 85 C2 com.strobel.decompiler.languages.java.ast.DepthFirstAstVisitor.visitChildren(Lcom/strobel/decompiler/languages/java/ast/AstNode;Ljava/lang/Object;)Ljava/lang/Object; (33 bytes) @ 0x00007f2e1907f52c [0x00007f2e1907f4e0+0x4c]
j  com.strobel.decompiler.languages.java.ast.DepthFirstAstVisitor.visitTypeDeclaration(Lcom/strobel/decompiler/languages/java/ast/TypeDeclaration;Ljava/lang/Object;)Ljava/lang/Object;+3
j  com.strobel.decompiler.languages.java.ast.ContextTrackingVisitor.visitTypeDeclaration(Lcom/strobel/decompiler/languages/java/ast/TypeDeclaration;Ljava/lang/Void;)Ljava/lang/Object;+45
j  com.strobel.decompiler.languages.java.ast.ContextTrackingVisitor.visitTypeDeclaration(Lcom/strobel/decompiler/languages/java/ast/TypeDeclaration;Ljava/lang/Object;)Ljava/lang/Object;+6
j  com.strobel.decompiler.languages.java.ast.TypeDeclaration.acceptVisitor(Lcom/strobel/decompiler/languages/java/ast/IAstVisitor;Ljava/lang/Object;)Ljava/lang/Object;+3
J 85 C2 com.strobel.decompiler.languages.java.ast.DepthFirstAstVisitor.visitChildren(Lcom/strobel/decompiler/languages/java/ast/AstNode;Ljava/lang/Object;)Ljava/lang/Object; (33 bytes) @ 0x00007f2e1907f52c [0x00007f2e1907f4e0+0x4c]
j  com.strobel.decompiler.languages.java.ast.DepthFirstAstVisitor.visitCompilationUnit(Lcom/strobel/decompiler/languages/java/ast/CompilationUnit;Ljava/lang/Object;)Ljava/lang/Object;+3
j  com.strobel.decompiler.languages.java.ast.CompilationUnit.acceptVisitor(Lcom/strobel/decompiler/languages/java/ast/IAstVisitor;Ljava/lang/Object;)Ljava/lang/Object;+3
j  com.strobel.decompiler.languages.java.ast.ContextTrackingVisitor.run(Lcom/strobel/decompiler/languages/java/ast/AstNode;)V+3
j  com.strobel.decompiler.languages.java.ast.transforms.EliminateSyntheticAccessorsTransform.run(Lcom/strobel/decompiler/languages/java/ast/AstNode;)V+15
j  com.strobel.decompiler.languages.java.ast.transforms.TransformationPipeline.runTransformationsUntil(Lcom/strobel/decompiler/languages/java/ast/AstNode;Lcom/strobel/core/Predicate;Lcom/strobel/decompiler/DecompilerContext;)V+98
j  com.strobel.decompiler.languages.java.ast.AstBuilder.runTransformations(Lcom/strobel/core/Predicate;)V+9
j  com.strobel.decompiler.languages.java.JavaLanguage.runTransforms(Lcom/strobel/decompiler/languages/java/ast/AstBuilder;Lcom/strobel/decompiler/DecompilationOptions;Lcom/strobel/decompiler/languages/java/ast/transforms/IAstTransform;)V+5
j  com.strobel.decompiler.languages.java.JavaLanguage.buildAst(Lcom/strobel/assembler/metadata/TypeDefinition;Lcom/strobel/decompiler/DecompilationOptions;)Lcom/strobel/decompiler/languages/java/ast/AstBuilder;+17
j  com.strobel.decompiler.languages.java.JavaLanguage.decompileType(Lcom/strobel/assembler/metadata/TypeDefinition;Lcom/strobel/decompiler/ITextOutput;Lcom/strobel/decompiler/DecompilationOptions;)Lcom/strobel/decompiler/languages/TypeDecompilationResults;+3
j  com.strobel.decompiler.DecompilerDriver.decompileType(Lcom/strobel/assembler/metadata/MetadataSystem;Ljava/lang/String;Lcom/strobel/decompiler/CommandLineOptions;Lcom/strobel/decompiler/DecompilationOptions;Z)V+243
j  com.strobel.decompiler.DecompilerDriver.decompileJar(Ljava/lang/String;Lcom/strobel/decompiler/CommandLineOptions;Lcom/strobel/decompiler/DecompilationOptions;)V+206
j  com.strobel.decompiler.DecompilerDriver.main([Ljava/lang/String;)V+414
v  ~StubRoutines::call_stub
V  [libjvm.so+0x5e7fc9]  JavaCalls::call_helper(JavaValue*, methodHandle*, JavaCallArguments*, Thread*)+0x339
V  [libjvm.so+0x5e7a68]  JavaCalls::call(JavaValue*, methodHandle, JavaCallArguments*, Thread*)+0x28
V  [libjvm.so+0x5f6b9b]  jni_invoke_static(JNIEnv_*, JavaValue*, _jobject*, JNICallType, _jmethodID*, JNI_ArgumentPusher*, Thread*) [clone .isra.124] [clone .constprop.156]+0x28b
V  [libjvm.so+0x607e08]  jni_CallStaticVoidMethod+0x118
C  [libjli.so+0x31f9]

Java frames: (J=compiled Java code, j=interpreted, Vv=VM code)
j  java.util.zip.ZipFile.getEntry(J[BZ)J+0
j  java.util.zip.ZipFile.getEntry(Ljava/lang/String;)Ljava/util/zip/ZipEntry;+38
j  java.util.jar.JarFile.getEntry(Ljava/lang/String;)Ljava/util/zip/ZipEntry;+2
j  java.util.jar.JarFile.getJarEntry(Ljava/lang/String;)Ljava/util/jar/JarEntry;+2
j  com.strobel.assembler.metadata.JarTypeLoader.tryLoadType(Ljava/lang/String;Lcom/strobel/assembler/metadata/Buffer;)Z+65
j  com.strobel.assembler.metadata.CompositeTypeLoader.tryLoadType(Ljava/lang/String;Lcom/strobel/assembler/metadata/Buffer;)Z+29
j  com.strobel.assembler.metadata.MethodDefinition.tryLoadBody()Lcom/strobel/assembler/metadata/MethodBody;+107
j  com.strobel.assembler.metadata.MethodDefinition.getBody()Lcom/strobel/assembler/metadata/MethodBody;+25
j  com.strobel.decompiler.languages.BytecodeLanguage.writeMethodBody(Lcom/strobel/decompiler/ITextOutput;Lcom/strobel/assembler/metadata/MethodDefinition;Lcom/strobel/decompiler/DecompilationOptions;)V+1
j  com.strobel.decompiler.languages.BytecodeLanguage.decompileMethod(Lcom/strobel/assembler/metadata/MethodDefinition;Lcom/strobel/decompiler/ITextOutput;Lcom/strobel/decompiler/DecompilationOptions;)V+10
j  com.strobel.decompiler.languages.java.ast.AstMethodBodyBuilder.createErrorBlock(Lcom/strobel/decompiler/languages/java/ast/AstBuilder;Lcom/strobel/decompiler/DecompilerContext;Lcom/strobel/assembler/metadata/MethodDefinition;Ljava/lang/Throwable;)Lcom/strobel/decompiler/languages/java/ast/BlockStatement;+124
j  com.strobel.decompiler.languages.java.ast.AstMethodBodyBuilder.createMethodBody(Lcom/strobel/decompiler/languages/java/ast/AstBuilder;Lcom/strobel/assembler/metadata/MethodDefinition;Lcom/strobel/decompiler/DecompilerContext;Ljava/lang/Iterable;)Lcom/strobel/decompiler/languages/java/ast/BlockStatement;+68
j  com.strobel.decompiler.languages.java.ast.AstBuilder.createMethodBody(Lcom/strobel/assembler/metadata/MethodDefinition;Ljava/lang/Iterable;)Lcom/strobel/decompiler/languages/java/ast/BlockStatement;+14
j  com.strobel.decompiler.languages.java.ast.AstBuilder.createMethod(Lcom/strobel/assembler/metadata/MethodDefinition;)Lcom/strobel/decompiler/languages/java/ast/MethodDeclaration;+220
j  com.strobel.decompiler.languages.java.ast.AstBuilder.addTypeMembers(Lcom/strobel/decompiler/languages/java/ast/TypeDeclaration;Lcom/strobel/assembler/metadata/TypeDefinition;)V+104
j  com.strobel.decompiler.languages.java.ast.AstBuilder.createTypeCore(Lcom/strobel/assembler/metadata/TypeDefinition;)Lcom/strobel/decompiler/languages/java/ast/TypeDeclaration;+431
j  com.strobel.decompiler.languages.java.ast.AstBuilder.createTypeNoCache(Lcom/strobel/assembler/metadata/TypeDefinition;)Lcom/strobel/decompiler/languages/java/ast/TypeDeclaration;+25
j  com.strobel.decompiler.languages.java.ast.AstBuilder.createType(Lcom/strobel/assembler/metadata/TypeDefinition;)Lcom/strobel/decompiler/languages/java/ast/TypeDeclaration;+44
j  com.strobel.decompiler.languages.java.ast.transforms.EliminateSyntheticAccessorsTransform.visitInvocationExpression(Lcom/strobel/decompiler/languages/java/ast/InvocationExpression;Ljava/lang/Void;)Ljava/lang/Void;+177
j  com.strobel.decompiler.languages.java.ast.transforms.EliminateSyntheticAccessorsTransform.visitInvocationExpression(Lcom/strobel/decompiler/languages/java/ast/InvocationExpression;Ljava/lang/Object;)Ljava/lang/Object;+6
j  com.strobel.decompiler.languages.java.ast.InvocationExpression.acceptVisitor(Lcom/strobel/decompiler/languages/java/ast/IAstVisitor;Ljava/lang/Object;)Ljava/lang/Object;+3
J 85 C2 com.strobel.decompiler.languages.java.ast.DepthFirstAstVisitor.visitChildren(Lcom/strobel/decompiler/languages/java/ast/AstNode;Ljava/lang/Object;)Ljava/lang/Object; (33 bytes) @ 0x00007f2e1907f52c [0x00007f2e1907f4e0+0x4c]
J 347 C2 com.strobel.decompiler.languages.java.ast.DepthFirstAstVisitor.visitMemberReferenceExpression(Lcom/strobel/decompiler/languages/java/ast/MemberReferenceExpression;Ljava/lang/Object;)Ljava/lang/Object; (7 bytes) @ 0x00007f2e1913408c [0x00007f2e19134060+0x2c]
J 346 C2 com.strobel.decompiler.languages.java.ast.MemberReferenceExpression.acceptVisitor(Lcom/strobel/decompiler/languages/java/ast/IAstVisitor;Ljava/lang/Object;)Ljava/lang/Object; (9 bytes) @ 0x00007f2e1913a2d4 [0x00007f2e1913a2a0+0x34]
J 85 C2 com.strobel.decompiler.languages.java.ast.DepthFirstAstVisitor.visitChildren(Lcom/strobel/decompiler/languages/java/ast/AstNode;Ljava/lang/Object;)Ljava/lang/Object; (33 bytes) @ 0x00007f2e1907f52c [0x00007f2e1907f4e0+0x4c]
j  com.strobel.decompiler.languages.java.ast.DepthFirstAstVisitor.visitInvocationExpression(Lcom/strobel/decompiler/languages/java/ast/InvocationExpression;Ljava/lang/Object;)Ljava/lang/Object;+3
j  com.strobel.decompiler.languages.java.ast.transforms.EliminateSyntheticAccessorsTransform.visitInvocationExpression(Lcom/strobel/decompiler/languages/java/ast/InvocationExpression;Ljava/lang/Void;)Ljava/lang/Void;+3
j  com.strobel.decompiler.languages.java.ast.transforms.EliminateSyntheticAccessorsTransform.visitInvocationExpression(Lcom/strobel/decompiler/languages/java/ast/InvocationExpression;Ljava/lang/Object;)Ljava/lang/Object;+6
j  com.strobel.decompiler.languages.java.ast.InvocationExpression.acceptVisitor(Lcom/strobel/decompiler/languages/java/ast/IAstVisitor;Ljava/lang/Object;)Ljava/lang/Object;+3
J 85 C2 com.strobel.decompiler.languages.java.ast.DepthFirstAstVisitor.visitChildren(Lcom/strobel/decompiler/languages/java/ast/AstNode;Ljava/lang/Object;)Ljava/lang/Object; (33 bytes) @ 0x00007f2e1907f52c [0x00007f2e1907f4e0+0x4c]
J 347 C2 com.strobel.decompiler.languages.java.ast.DepthFirstAstVisitor.visitMemberReferenceExpression(Lcom/strobel/decompiler/languages/java/ast/MemberReferenceExpression;Ljava/lang/Object;)Ljava/lang/Object; (7 bytes) @ 0x00007f2e1913408c [0x00007f2e19134060+0x2c]
J 346 C2 com.strobel.decompiler.languages.java.ast.MemberReferenceExpression.acceptVisitor(Lcom/strobel/decompiler/languages/java/ast/IAstVisitor;Ljava/lang/Object;)Ljava/lang/Object; (9 bytes) @ 0x00007f2e1913a2d4 [0x00007f2e1913a2a0+0x34]
J 85 C2 com.strobel.decompiler.languages.java.ast.DepthFirstAstVisitor.visitChildren(Lcom/strobel/decompiler/languages/java/ast/AstNode;Ljava/lang/Object;)Ljava/lang/Object; (33 bytes) @ 0x00007f2e1907f52c [0x00007f2e1907f4e0+0x4c]
j  com.strobel.decompiler.languages.java.ast.DepthFirstAstVisitor.visitInvocationExpression(Lcom/strobel/decompiler/languages/java/ast/InvocationExpression;Ljava/lang/Object;)Ljava/lang/Object;+3
j  com.strobel.decompiler.languages.java.ast.transforms.EliminateSyntheticAccessorsTransform.visitInvocationExpression(Lcom/strobel/decompiler/languages/java/ast/InvocationExpression;Ljava/lang/Void;)Ljava/lang/Void;+3
j  com.strobel.decompiler.languages.java.ast.transforms.EliminateSyntheticAccessorsTransform.visitInvocationExpression(Lcom/strobel/decompiler/languages/java/ast/InvocationExpression;Ljava/lang/Object;)Ljava/lang/Object;+6
j  com.strobel.decompiler.languages.java.ast.InvocationExpression.acceptVisitor(Lcom/strobel/decompiler/languages/java/ast/IAstVisitor;Ljava/lang/Object;)Ljava/lang/Object;+3
J 85 C2 com.strobel.decompiler.languages.java.ast.DepthFirstAstVisitor.visitChildren(Lcom/strobel/decompiler/languages/java/ast/AstNode;Ljava/lang/Object;)Ljava/lang/Object; (33 bytes) @ 0x00007f2e1907f52c [0x00007f2e1907f4e0+0x4c]
j  com.strobel.decompiler.languages.java.ast.DepthFirstAstVisitor.visitInvocationExpression(Lcom/strobel/decompiler/languages/java/ast/InvocationExpression;Ljava/lang/Object;)Ljava/lang/Object;+3
j  com.strobel.decompiler.languages.java.ast.transforms.EliminateSyntheticAccessorsTransform.visitInvocationExpression(Lcom/strobel/decompiler/languages/java/ast/InvocationExpression;Ljava/lang/Void;)Ljava/lang/Void;+3
j  com.strobel.decompiler.languages.java.ast.transforms.EliminateSyntheticAccessorsTransform.visitInvocationExpression(Lcom/strobel/decompiler/languages/java/ast/InvocationExpression;Ljava/lang/Object;)Ljava/lang/Object;+6
j  com.strobel.decompiler.languages.java.ast.InvocationExpression.acceptVisitor(Lcom/strobel/decompiler/languages/java/ast/IAstVisitor;Ljava/lang/Object;)Ljava/lang/Object;+3
J 85 C2 com.strobel.decompiler.languages.java.ast.DepthFirstAstVisitor.visitChildren(Lcom/strobel/decompiler/languages/java/ast/AstNode;Ljava/lang/Object;)Ljava/lang/Object; (33 bytes) @ 0x00007f2e1907f52c [0x00007f2e1907f4e0+0x4c]
j  com.strobel.decompiler.languages.java.ast.DepthFirstAstVisitor.visitBinaryOperatorExpression(Lcom/strobel/decompiler/languages/java/ast/BinaryOperatorExpression;Ljava/lang/Object;)Ljava/lang/Object;+3
j  com.strobel.decompiler.languages.java.ast.BinaryOperatorExpression.acceptVisitor(Lcom/strobel/decompiler/languages/java/ast/IAstVisitor;Ljava/lang/Object;)Ljava/lang/Object;+3
J 85 C2 com.strobel.decompiler.languages.java.ast.DepthFirstAstVisitor.visitChildren(Lcom/strobel/decompiler/languages/java/ast/AstNode;Ljava/lang/Object;)Ljava/lang/Object; (33 bytes) @ 0x00007f2e1907f52c [0x00007f2e1907f4e0+0x4c]
j  com.strobel.decompiler.languages.java.ast.DepthFirstAstVisitor.visitIfElseStatement(Lcom/strobel/decompiler/languages/java/ast/IfElseStatement;Ljava/lang/Object;)Ljava/lang/Object;+3
j  com.strobel.decompiler.languages.java.ast.IfElseStatement.acceptVisitor(Lcom/strobel/decompiler/languages/java/ast/IAstVisitor;Ljava/lang/Object;)Ljava/lang/Object;+3
J 85 C2 com.strobel.decompiler.languages.java.ast.DepthFirstAstVisitor.visitChildren(Lcom/strobel/decompiler/languages/java/ast/AstNode;Ljava/lang/Object;)Ljava/lang/Object; (33 bytes) @ 0x00007f2e1907f52c [0x00007f2e1907f4e0+0x4c]
j  com.strobel.decompiler.languages.java.ast.DepthFirstAstVisitor.visitBlockStatement(Lcom/strobel/decompiler/languages/java/ast/BlockStatement;Ljava/lang/Object;)Ljava/lang/Object;+3
j  com.strobel.decompiler.languages.java.ast.BlockStatement.acceptVisitor(Lcom/strobel/decompiler/languages/java/ast/IAstVisitor;Ljava/lang/Object;)Ljava/lang/Object;+3
J 85 C2 com.strobel.decompiler.languages.java.ast.DepthFirstAstVisitor.visitChildren(Lcom/strobel/decompiler/languages/java/ast/AstNode;Ljava/lang/Object;)Ljava/lang/Object; (33 bytes) @ 0x00007f2e1907f52c [0x00007f2e1907f4e0+0x4c]
j  com.strobel.decompiler.languages.java.ast.DepthFirstAstVisitor.visitMethodDeclaration(Lcom/strobel/decompiler/languages/java/ast/MethodDeclaration;Ljava/lang/Object;)Ljava/lang/Object;+3
j  com.strobel.decompiler.languages.java.ast.ContextTrackingVisitor.visitMethodDeclaration(Lcom/strobel/decompiler/languages/java/ast/MethodDeclaration;Ljava/lang/Void;)Ljava/lang/Object;+44
j  com.strobel.decompiler.languages.java.ast.ContextTrackingVisitor.visitMethodDeclaration(Lcom/strobel/decompiler/languages/java/ast/MethodDeclaration;Ljava/lang/Object;)Ljava/lang/Object;+6
j  com.strobel.decompiler.languages.java.ast.MethodDeclaration.acceptVisitor(Lcom/strobel/decompiler/languages/java/ast/IAstVisitor;Ljava/lang/Object;)Ljava/lang/Object;+3
J 85 C2 com.strobel.decompiler.languages.java.ast.DepthFirstAstVisitor.visitChildren(Lcom/strobel/decompiler/languages/java/ast/AstNode;Ljava/lang/Object;)Ljava/lang/Object; (33 bytes) @ 0x00007f2e1907f52c [0x00007f2e1907f4e0+0x4c]
j  com.strobel.decompiler.languages.java.ast.DepthFirstAstVisitor.visitTypeDeclaration(Lcom/strobel/decompiler/languages/java/ast/TypeDeclaration;Ljava/lang/Object;)Ljava/lang/Object;+3
j  com.strobel.decompiler.languages.java.ast.ContextTrackingVisitor.visitTypeDeclaration(Lcom/strobel/decompiler/languages/java/ast/TypeDeclaration;Ljava/lang/Void;)Ljava/lang/Object;+45
j  com.strobel.decompiler.languages.java.ast.ContextTrackingVisitor.visitTypeDeclaration(Lcom/strobel/decompiler/languages/java/ast/TypeDeclaration;Ljava/lang/Object;)Ljava/lang/Object;+6
j  com.strobel.decompiler.languages.java.ast.TypeDeclaration.acceptVisitor(Lcom/strobel/decompiler/languages/java/ast/IAstVisitor;Ljava/lang/Object;)Ljava/lang/Object;+3
J 85 C2 com.strobel.decompiler.languages.java.ast.DepthFirstAstVisitor.visitChildren(Lcom/strobel/decompiler/languages/java/ast/AstNode;Ljava/lang/Object;)Ljava/lang/Object; (33 bytes) @ 0x00007f2e1907f52c [0x00007f2e1907f4e0+0x4c]
j  com.strobel.decompiler.languages.java.ast.DepthFirstAstVisitor.visitCompilationUnit(Lcom/strobel/decompiler/languages/java/ast/CompilationUnit;Ljava/lang/Object;)Ljava/lang/Object;+3
j  com.strobel.decompiler.languages.java.ast.CompilationUnit.acceptVisitor(Lcom/strobel/decompiler/languages/java/ast/IAstVisitor;Ljava/lang/Object;)Ljava/lang/Object;+3
j  com.strobel.decompiler.languages.java.ast.ContextTrackingVisitor.run(Lcom/strobel/decompiler/languages/java/ast/AstNode;)V+3
j  com.strobel.decompiler.languages.java.ast.transforms.EliminateSyntheticAccessorsTransform.run(Lcom/strobel/decompiler/languages/java/ast/AstNode;)V+15
j  com.strobel.decompiler.languages.java.ast.transforms.TransformationPipeline.runTransformationsUntil(Lcom/strobel/decompiler/languages/java/ast/AstNode;Lcom/strobel/core/Predicate;Lcom/strobel/decompiler/DecompilerContext;)V+98
j  com.strobel.decompiler.languages.java.ast.AstBuilder.runTransformations(Lcom/strobel/core/Predicate;)V+9
j  com.strobel.decompiler.languages.java.JavaLanguage.runTransforms(Lcom/strobel/decompiler/languages/java/ast/AstBuilder;Lcom/strobel/decompiler/DecompilationOptions;Lcom/strobel/decompiler/languages/java/ast/transforms/IAstTransform;)V+5
j  com.strobel.decompiler.languages.java.JavaLanguage.buildAst(Lcom/strobel/assembler/metadata/TypeDefinition;Lcom/strobel/decompiler/DecompilationOptions;)Lcom/strobel/decompiler/languages/java/ast/AstBuilder;+17
j  com.strobel.decompiler.languages.java.JavaLanguage.decompileType(Lcom/strobel/assembler/metadata/TypeDefinition;Lcom/strobel/decompiler/ITextOutput;Lcom/strobel/decompiler/DecompilationOptions;)Lcom/strobel/decompiler/languages/TypeDecompilationResults;+3
j  com.strobel.decompiler.DecompilerDriver.decompileType(Lcom/strobel/assembler/metadata/MetadataSystem;Ljava/lang/String;Lcom/strobel/decompiler/CommandLineOptions;Lcom/strobel/decompiler/DecompilationOptions;Z)V+243
j  com.strobel.decompiler.DecompilerDriver.decompileJar(Ljava/lang/String;Lcom/strobel/decompiler/CommandLineOptions;Lcom/strobel/decompiler/DecompilationOptions;)V+206
j  com.strobel.decompiler.DecompilerDriver.main([Ljava/lang/String;)V+414
v  ~StubRoutines::call_stub

---------------  P R O C E S S  ---------------

Java Threads: ( => current thread )
  0x00007f2e1c0cc000 JavaThread "Service Thread" daemon [_thread_blocked, id=3707, stack(0x00007f2e220dc000,0x00007f2e221dd000)]
  0x00007f2e1c0c9800 JavaThread "C2 CompilerThread1" daemon [_thread_in_native, id=3706, stack(0x00007f2e221dd000,0x00007f2e222de000)]
  0x00007f2e1c0c7000 JavaThread "C2 CompilerThread0" daemon [_thread_in_native, id=3705, stack(0x00007f2e222de000,0x00007f2e223df000)]
  0x00007f2e1c0c5000 JavaThread "Signal Dispatcher" daemon [_thread_blocked, id=3704, stack(0x00007f2e223df000,0x00007f2e224e0000)]
  0x00007f2e1c099000 JavaThread "Finalizer" daemon [_thread_blocked, id=3703, stack(0x00007f2e224e0000,0x00007f2e225e1000)]
  0x00007f2e1c097000 JavaThread "Reference Handler" daemon [_thread_blocked, id=3702, stack(0x00007f2e225e1000,0x00007f2e226e2000)]
=>0x00007f2e1c00a000 JavaThread "main" [_thread_in_native, id=3700, stack(0x00007f2e26148000,0x00007f2e26249000)]

Other Threads:
  0x00007f2e1c092800 VMThread [stack: 0x00007f2e226e2000,0x00007f2e227e3000] [id=3701]
  0x00007f2e1c0d7000 WatcherThread [stack: 0x00007f2e21fdb000,0x00007f2e220dc000] [id=3708]

VM state:not at safepoint (normal execution)

VM Mutex/Monitor currently owned by a thread: None

Heap
 def new generation   total 15168K, used 10860K [0x00000000cc000000, 0x00000000cd070000, 0x00000000d9e00000)
  eden space 13504K,  70% used [0x00000000cc000000, 0x00000000cc94e1b0, 0x00000000ccd30000)
  from space 1664K,  80% used [0x00000000ccd30000, 0x00000000cce7d1b0, 0x00000000cced0000)
  to   space 1664K,   0% used [0x00000000cced0000, 0x00000000cced0000, 0x00000000cd070000)
 tenured generation   total 33556K, used 20132K [0x00000000d9e00000, 0x00000000dbec5000, 0x00000000f5a00000)
   the space 33556K,  59% used [0x00000000d9e00000, 0x00000000db1a90d8, 0x00000000db1a9200, 0x00000000dbec5000)
 compacting perm gen  total 21248K, used 10546K [0x00000000f5a00000, 0x00000000f6ec0000, 0x0000000100000000)
   the space 21248K,  49% used [0x00000000f5a00000, 0x00000000f644c980, 0x00000000f644ca00, 0x00000000f6ec0000)
No shared spaces configured.

Card table byte_map: [0x00007f2e22be2000,0x00007f2e22d83000] byte_map_base: 0x00007f2e22582000

Polling page: 0x00007f2e26261000

Code Cache  [0x00007f2e19000000, 0x00007f2e19270000, 0x00007f2e1c000000)
 total_blobs=634 nmethods=384 adapters=203 free_code_cache=47836Kb largest_free_block=48945280

Compilation events (10 events):
Event: 14.689 Thread 0x00007f2e1c0c7000 nmethod 387 0x00007f2e190bf850 code [0x00007f2e190bf980, 0x00007f2e190bf9d8]
Event: 14.689 Thread 0x00007f2e1c0c7000  388             java.util.AbstractCollection::toArray (147 bytes)
Event: 14.724 Thread 0x00007f2e1c0c7000 nmethod 388 0x00007f2e19109fd0 code [0x00007f2e1910a180, 0x00007f2e1910a888]
Event: 14.724 Thread 0x00007f2e1c0c7000  389             com.strobel.assembler.flowanalysis.ControlFlowNode::getStart (5 bytes)
Event: 14.724 Thread 0x00007f2e1c0c7000 nmethod 389 0x00007f2e19109dd0 code [0x00007f2e19109f00, 0x00007f2e19109f58]
Event: 14.724 Thread 0x00007f2e1c0c7000  390             com.strobel.assembler.flowanalysis.ControlFlowNode::traversePreOrder (67 bytes)
Event: 15.713 Thread 0x00007f2e1c0c7000 nmethod 390 0x00007f2e19146450 code [0x00007f2e191468e0, 0x00007f2e19148778]
Event: 15.713 Thread 0x00007f2e1c0c7000  391             java.util.regex.Pattern$Curly::match (86 bytes)
Event: 15.853 Thread 0x00007f2e1c0c7000 nmethod 391 0x00007f2e1914edd0 code [0x00007f2e1914f0e0, 0x00007f2e191507a0]
Event: 15.853 Thread 0x00007f2e1c0c7000  392             com.strobel.decompiler.ast.AstBuilder::convertLocalVariables (2800 bytes)

GC Heap History (10 events):
Event: 13.993 GC heap before
{Heap before GC invocations=15 (full 0):
 def new generation   total 9664K, used 9664K [0x00000000cc000000, 0x00000000cca70000, 0x00000000d9e00000)
  eden space 8640K, 100% used [0x00000000cc000000, 0x00000000cc870000, 0x00000000cc870000)
  from space 1024K, 100% used [0x00000000cc970000, 0x00000000cca70000, 0x00000000cca70000)
  to   space 1024K,   0% used [0x00000000cc870000, 0x00000000cc870000, 0x00000000cc970000)
 tenured generation   total 21376K, used 20052K [0x00000000d9e00000, 0x00000000db2e0000, 0x00000000f5a00000)
   the space 21376K,  93% used [0x00000000d9e00000, 0x00000000db195128, 0x00000000db195200, 0x00000000db2e0000)
 compacting perm gen  total 21248K, used 10355K [0x00000000f5a00000, 0x00000000f6ec0000, 0x0000000100000000)
   the space 21248K,  48% used [0x00000000f5a00000, 0x00000000f641cde8, 0x00000000f641ce00, 0x00000000f6ec0000)
No shared spaces configured.
Event: 13.996 GC heap after
Heap after GC invocations=16 (full 0):
 def new generation   total 9664K, used 507K [0x00000000cc000000, 0x00000000cca70000, 0x00000000d9e00000)
  eden space 8640K,   0% used [0x00000000cc000000, 0x00000000cc000000, 0x00000000cc870000)
  from space 1024K,  49% used [0x00000000cc870000, 0x00000000cc8eee30, 0x00000000cc970000)
  to   space 1024K,   0% used [0x00000000cc970000, 0x00000000cc970000, 0x00000000cca70000)
 tenured generation   total 21376K, used 20991K [0x00000000d9e00000, 0x00000000db2e0000, 0x00000000f5a00000)
   the space 21376K,  98% used [0x00000000d9e00000, 0x00000000db27fc80, 0x00000000db27fe00, 0x00000000db2e0000)
 compacting perm gen  total 21248K, used 10355K [0x00000000f5a00000, 0x00000000f6ec0000, 0x0000000100000000)
   the space 21248K,  48% used [0x00000000f5a00000, 0x00000000f641cde8, 0x00000000f641ce00, 0x00000000f6ec0000)
No shared spaces configured.
}
Event: 14.561 GC heap before
{Heap before GC invocations=16 (full 0):
 def new generation   total 9664K, used 9147K [0x00000000cc000000, 0x00000000cca70000, 0x00000000d9e00000)
  eden space 8640K, 100% used [0x00000000cc000000, 0x00000000cc870000, 0x00000000cc870000)
  from space 1024K,  49% used [0x00000000cc870000, 0x00000000cc8eee30, 0x00000000cc970000)
  to   space 1024K,   0% used [0x00000000cc970000, 0x00000000cc970000, 0x00000000cca70000)
 tenured generation   total 21376K, used 20991K [0x00000000d9e00000, 0x00000000db2e0000, 0x00000000f5a00000)
   the space 21376K,  98% used [0x00000000d9e00000, 0x00000000db27fc80, 0x00000000db27fe00, 0x00000000db2e0000)
 compacting perm gen  total 21248K, used 10367K [0x00000000f5a00000, 0x00000000f6ec0000, 0x0000000100000000)
   the space 21248K,  48% used [0x00000000f5a00000, 0x00000000f641fe20, 0x00000000f6420000, 0x00000000f6ec0000)
No shared spaces configured.
Event: 14.564 GC heap after
Heap after GC invocations=17 (full 0):
 def new generation   total 9664K, used 747K [0x00000000cc000000, 0x00000000cca70000, 0x00000000d9e00000)
  eden space 8640K,   0% used [0x00000000cc000000, 0x00000000cc000000, 0x00000000cc870000)
  from space 1024K,  72% used [0x00000000cc970000, 0x00000000cca2ac08, 0x00000000cca70000)
  to   space 1024K,   0% used [0x00000000cc870000, 0x00000000cc870000, 0x00000000cc970000)
 tenured generation   total 21376K, used 20991K [0x00000000d9e00000, 0x00000000db2e0000, 0x00000000f5a00000)
   the space 21376K,  98% used [0x00000000d9e00000, 0x00000000db27fc80, 0x00000000db27fe00, 0x00000000db2e0000)
 compacting perm gen  total 21248K, used 10367K [0x00000000f5a00000, 0x00000000f6ec0000, 0x0000000100000000)
   the space 21248K,  48% used [0x00000000f5a00000, 0x00000000f641fe20, 0x00000000f6420000, 0x00000000f6ec0000)
No shared spaces configured.
}
Event: 15.001 GC heap before
{Heap before GC invocations=17 (full 0):
 def new generation   total 9664K, used 9387K [0x00000000cc000000, 0x00000000cca70000, 0x00000000d9e00000)
  eden space 8640K, 100% used [0x00000000cc000000, 0x00000000cc870000, 0x00000000cc870000)
  from space 1024K,  72% used [0x00000000cc970000, 0x00000000cca2ac08, 0x00000000cca70000)
  to   space 1024K,   0% used [0x00000000cc870000, 0x00000000cc870000, 0x00000000cc970000)
 tenured generation   total 21376K, used 20991K [0x00000000d9e00000, 0x00000000db2e0000, 0x00000000f5a00000)
   the space 21376K,  98% used [0x00000000d9e00000, 0x00000000db27fc80, 0x00000000db27fe00, 0x00000000db2e0000)
 compacting perm gen  total 21248K, used 10387K [0x00000000f5a00000, 0x00000000f6ec0000, 0x0000000100000000)
   the space 21248K,  48% used [0x00000000f5a00000, 0x00000000f6424fa0, 0x00000000f6425000, 0x00000000f6ec0000)
No shared spaces configured.
Event: 15.284 GC heap after
Heap after GC invocations=18 (full 1):
 def new generation   total 15168K, used 0K [0x00000000cc000000, 0x00000000cd070000, 0x00000000d9e00000)
  eden space 13504K,   0% used [0x00000000cc000000, 0x00000000cc000000, 0x00000000ccd30000)
  from space 1664K,   0% used [0x00000000ccd30000, 0x00000000ccd30000, 0x00000000cced0000)
  to   space 1664K,   0% used [0x00000000cced0000, 0x00000000cced0000, 0x00000000cd070000)
 tenured generation   total 33556K, used 20132K [0x00000000d9e00000, 0x00000000dbec5000, 0x00000000f5a00000)
   the space 33556K,  59% used [0x00000000d9e00000, 0x00000000db1a90d8, 0x00000000db1a9200, 0x00000000dbec5000)
 compacting perm gen  total 21248K, used 10387K [0x00000000f5a00000, 0x00000000f6ec0000, 0x0000000100000000)
   the space 21248K,  48% used [0x00000000f5a00000, 0x00000000f6424fa0, 0x00000000f6425000, 0x00000000f6ec0000)
No shared spaces configured.
}
Event: 16.258 GC heap before
{Heap before GC invocations=18 (full 1):
 def new generation   total 15168K, used 13504K [0x00000000cc000000, 0x00000000cd070000, 0x00000000d9e00000)
  eden space 13504K, 100% used [0x00000000cc000000, 0x00000000ccd30000, 0x00000000ccd30000)
  from space 1664K,   0% used [0x00000000ccd30000, 0x00000000ccd30000, 0x00000000cced0000)
  to   space 1664K,   0% used [0x00000000cced0000, 0x00000000cced0000, 0x00000000cd070000)
 tenured generation   total 33556K, used 20132K [0x00000000d9e00000, 0x00000000dbec5000, 0x00000000f5a00000)
   the space 33556K,  59% used [0x00000000d9e00000, 0x00000000db1a90d8, 0x00000000db1a9200, 0x00000000dbec5000)
 compacting perm gen  total 21248K, used 10444K [0x00000000f5a00000, 0x00000000f6ec0000, 0x0000000100000000)
   the space 21248K,  49% used [0x00000000f5a00000, 0x00000000f64332c0, 0x00000000f6433400, 0x00000000f6ec0000)
No shared spaces configured.
Event: 16.262 GC heap after
Heap after GC invocations=19 (full 1):
 def new generation   total 15168K, used 643K [0x00000000cc000000, 0x00000000cd070000, 0x00000000d9e00000)
  eden space 13504K,   0% used [0x00000000cc000000, 0x00000000cc000000, 0x00000000ccd30000)
  from space 1664K,  38% used [0x00000000cced0000, 0x00000000ccf70f88, 0x00000000cd070000)
  to   space 1664K,   0% used [0x00000000ccd30000, 0x00000000ccd30000, 0x00000000cced0000)
 tenured generation   total 33556K, used 20132K [0x00000000d9e00000, 0x00000000dbec5000, 0x00000000f5a00000)
   the space 33556K,  59% used [0x00000000d9e00000, 0x00000000db1a90d8, 0x00000000db1a9200, 0x00000000dbec5000)
 compacting perm gen  total 21248K, used 10444K [0x00000000f5a00000, 0x00000000f6ec0000, 0x0000000100000000)
   the space 21248K,  49% used [0x00000000f5a00000, 0x00000000f64332c0, 0x00000000f6433400, 0x00000000f6ec0000)
No shared spaces configured.
}
Event: 17.515 GC heap before
{Heap before GC invocations=19 (full 1):
 def new generation   total 15168K, used 14147K [0x00000000cc000000, 0x00000000cd070000, 0x00000000d9e00000)
  eden space 13504K, 100% used [0x00000000cc000000, 0x00000000ccd30000, 0x00000000ccd30000)
  from space 1664K,  38% used [0x00000000cced0000, 0x00000000ccf70f88, 0x00000000cd070000)
  to   space 1664K,   0% used [0x00000000ccd30000, 0x00000000ccd30000, 0x00000000cced0000)
 tenured generation   total 33556K, used 20132K [0x00000000d9e00000, 0x00000000dbec5000, 0x00000000f5a00000)
   the space 33556K,  59% used [0x00000000d9e00000, 0x00000000db1a90d8, 0x00000000db1a9200, 0x00000000dbec5000)
 compacting perm gen  total 21248K, used 10471K [0x00000000f5a00000, 0x00000000f6ec0000, 0x0000000100000000)
   the space 21248K,  49% used [0x00000000f5a00000, 0x00000000f6439fd8, 0x00000000f643a000, 0x00000000f6ec0000)
No shared spaces configured.
Event: 17.520 GC heap after
Heap after GC invocations=20 (full 1):
 def new generation   total 15168K, used 1332K [0x00000000cc000000, 0x00000000cd070000, 0x00000000d9e00000)
  eden space 13504K,   0% used [0x00000000cc000000, 0x00000000cc000000, 0x00000000ccd30000)
  from space 1664K,  80% used [0x00000000ccd30000, 0x00000000cce7d1b0, 0x00000000cced0000)
  to   space 1664K,   0% used [0x00000000cced0000, 0x00000000cced0000, 0x00000000cd070000)
 tenured generation   total 33556K, used 20132K [0x00000000d9e00000, 0x00000000dbec5000, 0x00000000f5a00000)
   the space 33556K,  59% used [0x00000000d9e00000, 0x00000000db1a90d8, 0x00000000db1a9200, 0x00000000dbec5000)
 compacting perm gen  total 21248K, used 10471K [0x00000000f5a00000, 0x00000000f6ec0000, 0x0000000100000000)
   the space 21248K,  49% used [0x00000000f5a00000, 0x00000000f6439fd8, 0x00000000f643a000, 0x00000000f6ec0000)
No shared spaces configured.
}

Deoptimization events (10 events):
Event: 16.236 Thread 0x00007f2e1c00a000 Uncommon trap: reason=null_check action=make_not_entrant pc=0x00007f2e190f1008 method=com.strobel.decompiler.ast.PatternMatching.match(Lcom/strobel/decompiler/ast/Node;Lcom/strobel/decompiler/ast/AstCode;)Z @ 1
Event: 16.490 Thread 0x00007f2e1c00a000 Uncommon trap: reason=class_check action=maybe_recompile pc=0x00007f2e1912eebc method=java.util.AbstractList.rangeCheckForAdd(I)V @ 6
Event: 16.490 Thread 0x00007f2e1c00a000 Uncommon trap: reason=class_check action=maybe_recompile pc=0x00007f2e1912eebc method=java.util.AbstractList.rangeCheckForAdd(I)V @ 6
Event: 16.491 Thread 0x00007f2e1c00a000 Uncommon trap: reason=class_check action=maybe_recompile pc=0x00007f2e1912eebc method=java.util.AbstractList.rangeCheckForAdd(I)V @ 6
Event: 16.491 Thread 0x00007f2e1c00a000 Uncommon trap: reason=class_check action=maybe_recompile pc=0x00007f2e1912eebc method=java.util.AbstractList.rangeCheckForAdd(I)V @ 6
Event: 16.491 Thread 0x00007f2e1c00a000 Uncommon trap: reason=class_check action=maybe_recompile pc=0x00007f2e1912f1fc method=java.util.AbstractList.rangeCheckForAdd(I)V @ 6
Event: 18.300 Thread 0x00007f2e1c00a000 Uncommon trap: reason=class_check action=maybe_recompile pc=0x00007f2e1910bfc8 method=com.strobel.decompiler.PlainTextOutput.writeRaw(Ljava/lang/String;)V @ 27
Event: 18.316 Thread 0x00007f2e1c00a000 Uncommon trap: reason=class_check action=maybe_recompile pc=0x00007f2e1910bfc8 method=com.strobel.decompiler.PlainTextOutput.writeRaw(Ljava/lang/String;)V @ 27
Event: 18.316 Thread 0x00007f2e1c00a000 Uncommon trap: reason=class_check action=maybe_recompile pc=0x00007f2e1910bfc8 method=com.strobel.decompiler.PlainTextOutput.writeRaw(Ljava/lang/String;)V @ 27
Event: 18.316 Thread 0x00007f2e1c00a000 Uncommon trap: reason=class_check action=maybe_recompile pc=0x00007f2e1910bfc8 method=com.strobel.decompiler.PlainTextOutput.writeRaw(Ljava/lang/String;)V @ 27

Internal exceptions (10 events):
Event: 14.836 Thread 0x00007f2e1c00a000 Threw 0x00000000cc59e258 at /build/buildd/openjdk-7-7u75-2.5.4/build/openjdk/hotspot/src/share/vm/prims/jvm.cpp:1284
Event: 14.836 Thread 0x00007f2e1c00a000 Threw 0x00000000cc59ebc0 at /build/buildd/openjdk-7-7u75-2.5.4/build/openjdk/hotspot/src/share/vm/prims/jvm.cpp:1284
Event: 14.836 Thread 0x00007f2e1c00a000 Threw 0x00000000cc59ede8 at /build/buildd/openjdk-7-7u75-2.5.4/build/openjdk/hotspot/src/share/vm/prims/jvm.cpp:1284
Event: 16.236 Thread 0x00007f2e1c00a000 Implicit null exception at 0x00007f2e190f0fcc to 0x00007f2e190f0ffa
Event: 18.188 Thread 0x00007f2e1c00a000 Threw 0x00000000cc8ac878 at /build/buildd/openjdk-7-7u75-2.5.4/build/openjdk/hotspot/src/share/vm/prims/jni.cpp:721
Event: 18.188 Thread 0x00007f2e1c00a000 Threw 0x00000000cc8adad0 at /build/buildd/openjdk-7-7u75-2.5.4/build/openjdk/hotspot/src/share/vm/prims/jvm.cpp:1284
Event: 18.299 Thread 0x00007f2e1c00a000 Threw 0x00000000cc8ed540 at /build/buildd/openjdk-7-7u75-2.5.4/build/openjdk/hotspot/src/share/vm/prims/jvm.cpp:1284
Event: 18.300 Thread 0x00007f2e1c00a000 Threw 0x00000000cc8f36d0 at /build/buildd/openjdk-7-7u75-2.5.4/build/openjdk/hotspot/src/share/vm/prims/jvm.cpp:1284
Event: 18.300 Thread 0x00007f2e1c00a000 Threw 0x00000000cc8f7078 at /build/buildd/openjdk-7-7u75-2.5.4/build/openjdk/hotspot/src/share/vm/prims/jvm.cpp:1284
Event: 18.301 Thread 0x00007f2e1c00a000 Threw 0x00000000cc8fc2b8 at /build/buildd/openjdk-7-7u75-2.5.4/build/openjdk/hotspot/src/share/vm/prims/jvm.cpp:1284

Events (10 events):
Event: 18.301 loading class 0x00007f2e1c72ea30 done
Event: 18.316 Thread 0x00007f2e1c00a000 Uncommon trap: trap_request=0xffffffde fr.pc=0x00007f2e1910bfc8
Event: 18.316 Thread 0x00007f2e1c00a000 DEOPT PACKING pc=0x00007f2e1910bfc8 sp=0x00007f2e262459a0
Event: 18.316 Thread 0x00007f2e1c00a000 DEOPT UNPACKING pc=0x00007f2e19039045 sp=0x00007f2e262459a8 mode 2
Event: 18.316 Thread 0x00007f2e1c00a000 Uncommon trap: trap_request=0xffffffde fr.pc=0x00007f2e1910bfc8
Event: 18.316 Thread 0x00007f2e1c00a000 DEOPT PACKING pc=0x00007f2e1910bfc8 sp=0x00007f2e26245a50
Event: 18.316 Thread 0x00007f2e1c00a000 DEOPT UNPACKING pc=0x00007f2e19039045 sp=0x00007f2e26245a58 mode 2
Event: 18.316 Thread 0x00007f2e1c00a000 Uncommon trap: trap_request=0xffffffde fr.pc=0x00007f2e1910bfc8
Event: 18.316 Thread 0x00007f2e1c00a000 DEOPT PACKING pc=0x00007f2e1910bfc8 sp=0x00007f2e26245ad0
Event: 18.316 Thread 0x00007f2e1c00a000 DEOPT UNPACKING pc=0x00007f2e19039045 sp=0x00007f2e26245ad8 mode 2


Dynamic libraries:
00400000-00401000 r-xp 00000000 08:01 805237                             /usr/lib/jvm/java-7-openjdk-amd64/jre/bin/java
00600000-00601000 r--p 00000000 08:01 805237                             /usr/lib/jvm/java-7-openjdk-amd64/jre/bin/java
00601000-00602000 rw-p 00001000 08:01 805237                             /usr/lib/jvm/java-7-openjdk-amd64/jre/bin/java
02526000-02547000 rw-p 00000000 00:00 0                                  [heap]
cc000000-cd070000 rw-p 00000000 00:00 0 
cd070000-d9e00000 rw-p 00000000 00:00 0 
d9e00000-dbec5000 rw-p 00000000 00:00 0 
dbec5000-f5a00000 rw-p 00000000 00:00 0 
f5a00000-f6ec0000 rw-p 00000000 00:00 0 
f6ec0000-100000000 rw-p 00000000 00:00 0 
7f2dfc000000-7f2dfcdda000 rw-p 00000000 00:00 0 
7f2dfcdda000-7f2e00000000 ---p 00000000 00:00 0 
7f2e00000000-7f2e00021000 rw-p 00000000 00:00 0 
7f2e00021000-7f2e04000000 ---p 00000000 00:00 0 
7f2e04000000-7f2e04021000 rw-p 00000000 00:00 0 
7f2e04021000-7f2e08000000 ---p 00000000 00:00 0 
7f2e08000000-7f2e09a71000 rw-p 00000000 00:00 0 
7f2e09a71000-7f2e0c000000 ---p 00000000 00:00 0 
7f2e0c000000-7f2e0c021000 rw-p 00000000 00:00 0 
7f2e0c021000-7f2e10000000 ---p 00000000 00:00 0 
7f2e10000000-7f2e10021000 rw-p 00000000 00:00 0 
7f2e10021000-7f2e14000000 ---p 00000000 00:00 0 
7f2e14000000-7f2e14138000 rw-p 00000000 00:00 0 
7f2e14138000-7f2e18000000 ---p 00000000 00:00 0 
7f2e19000000-7f2e19270000 rwxp 00000000 00:00 0 
7f2e19270000-7f2e1c9f0000 rw-p 00000000 00:00 0 
7f2e1c9f0000-7f2e20000000 ---p 00000000 00:00 0 
7f2e207ac000-7f2e207e1000 r--s 00203000 08:01 917524                     /var/www/project/storage/apk/com.ogqcorp.bgh_dex2jar.jar
7f2e207e1000-7f2e20842000 rw-p 00000000 00:00 0 
7f2e20842000-7f2e2087f000 r-xp 00000000 08:01 131315                     /lib/x86_64-linux-gnu/libpcre.so.3.13.1
7f2e2087f000-7f2e20a7e000 ---p 0003d000 08:01 131315                     /lib/x86_64-linux-gnu/libpcre.so.3.13.1
7f2e20a7e000-7f2e20a7f000 r--p 0003c000 08:01 131315                     /lib/x86_64-linux-gnu/libpcre.so.3.13.1
7f2e20a7f000-7f2e20a80000 rw-p 0003d000 08:01 131315                     /lib/x86_64-linux-gnu/libpcre.so.3.13.1
7f2e20a80000-7f2e20a87000 r-xp 00000000 08:01 789353                     /usr/lib/x86_64-linux-gnu/libffi.so.6.0.1
7f2e20a87000-7f2e20c86000 ---p 00007000 08:01 789353                     /usr/lib/x86_64-linux-gnu/libffi.so.6.0.1
7f2e20c86000-7f2e20c87000 r--p 00006000 08:01 789353                     /usr/lib/x86_64-linux-gnu/libffi.so.6.0.1
7f2e20c87000-7f2e20c88000 rw-p 00007000 08:01 789353                     /usr/lib/x86_64-linux-gnu/libffi.so.6.0.1
7f2e20c88000-7f2e20c9f000 r-xp 00000000 08:01 138541                     /lib/x86_64-linux-gnu/libresolv-2.19.so
7f2e20c9f000-7f2e20e9f000 ---p 00017000 08:01 138541                     /lib/x86_64-linux-gnu/libresolv-2.19.so
7f2e20e9f000-7f2e20ea0000 r--p 00017000 08:01 138541                     /lib/x86_64-linux-gnu/libresolv-2.19.so
7f2e20ea0000-7f2e20ea1000 rw-p 00018000 08:01 138541                     /lib/x86_64-linux-gnu/libresolv-2.19.so
7f2e20ea1000-7f2e20ea3000 rw-p 00000000 00:00 0 
7f2e20ea3000-7f2e20ec3000 r-xp 00000000 08:01 131338                     /lib/x86_64-linux-gnu/libselinux.so.1
7f2e20ec3000-7f2e210c2000 ---p 00020000 08:01 131338                     /lib/x86_64-linux-gnu/libselinux.so.1
7f2e210c2000-7f2e210c3000 r--p 0001f000 08:01 131338                     /lib/x86_64-linux-gnu/libselinux.so.1
7f2e210c3000-7f2e210c4000 rw-p 00020000 08:01 131338                     /lib/x86_64-linux-gnu/libselinux.so.1
7f2e210c4000-7f2e210c6000 rw-p 00000000 00:00 0 
7f2e210c6000-7f2e210c9000 r-xp 00000000 08:01 789263                     /usr/lib/x86_64-linux-gnu/libgmodule-2.0.so.0.4002.0
7f2e210c9000-7f2e212c8000 ---p 00003000 08:01 789263                     /usr/lib/x86_64-linux-gnu/libgmodule-2.0.so.0.4002.0
7f2e212c8000-7f2e212c9000 r--p 00002000 08:01 789263                     /usr/lib/x86_64-linux-gnu/libgmodule-2.0.so.0.4002.0
7f2e212c9000-7f2e212ca000 rw-p 00003000 08:01 789263                     /usr/lib/x86_64-linux-gnu/libgmodule-2.0.so.0.4002.0
7f2e212ca000-7f2e213d0000 r-xp 00000000 08:01 138178                     /lib/x86_64-linux-gnu/libglib-2.0.so.0.4002.0
7f2e213d0000-7f2e215cf000 ---p 00106000 08:01 138178                     /lib/x86_64-linux-gnu/libglib-2.0.so.0.4002.0
7f2e215cf000-7f2e215d0000 r--p 00105000 08:01 138178                     /lib/x86_64-linux-gnu/libglib-2.0.so.0.4002.0
7f2e215d0000-7f2e215d1000 rw-p 00106000 08:01 138178                     /lib/x86_64-linux-gnu/libglib-2.0.so.0.4002.0
7f2e215d1000-7f2e215d2000 rw-p 00000000 00:00 0 
7f2e215d2000-7f2e21621000 r-xp 00000000 08:01 789265                     /usr/lib/x86_64-linux-gnu/libgobject-2.0.so.0.4002.0
7f2e21621000-7f2e21821000 ---p 0004f000 08:01 789265                     /usr/lib/x86_64-linux-gnu/libgobject-2.0.so.0.4002.0
7f2e21821000-7f2e21822000 r--p 0004f000 08:01 789265                     /usr/lib/x86_64-linux-gnu/libgobject-2.0.so.0.4002.0
7f2e21822000-7f2e21823000 rw-p 00050000 08:01 789265                     /usr/lib/x86_64-linux-gnu/libgobject-2.0.so.0.4002.0
7f2e21823000-7f2e2198f000 r-xp 00000000 08:01 789269                     /usr/lib/x86_64-linux-gnu/libgio-2.0.so.0.4002.0
7f2e2198f000-7f2e21b8e000 ---p 0016c000 08:01 789269                     /usr/lib/x86_64-linux-gnu/libgio-2.0.so.0.4002.0
7f2e21b8e000-7f2e21b92000 r--p 0016b000 08:01 789269                     /usr/lib/x86_64-linux-gnu/libgio-2.0.so.0.4002.0
7f2e21b92000-7f2e21b94000 rw-p 0016f000 08:01 789269                     /usr/lib/x86_64-linux-gnu/libgio-2.0.so.0.4002.0
7f2e21b94000-7f2e21b96000 rw-p 00000000 00:00 0 
7f2e21b96000-7f2e21bad000 r-xp 00000000 08:01 805207                     /usr/lib/jvm/java-7-openjdk-amd64/jre/lib/amd64/libnet.so
7f2e21bad000-7f2e21dac000 ---p 00017000 08:01 805207                     /usr/lib/jvm/java-7-openjdk-amd64/jre/lib/amd64/libnet.so
7f2e21dac000-7f2e21dad000 r--p 00016000 08:01 805207                     /usr/lib/jvm/java-7-openjdk-amd64/jre/lib/amd64/libnet.so
7f2e21dad000-7f2e21dae000 rw-p 00017000 08:01 805207                     /usr/lib/jvm/java-7-openjdk-amd64/jre/lib/amd64/libnet.so
7f2e21dae000-7f2e21dbe000 r-xp 00000000 08:01 805203                     /usr/lib/jvm/java-7-openjdk-amd64/jre/lib/amd64/libnio.so
7f2e21dbe000-7f2e21fbe000 ---p 00010000 08:01 805203                     /usr/lib/jvm/java-7-openjdk-amd64/jre/lib/amd64/libnio.so
7f2e21fbe000-7f2e21fbf000 r--p 00010000 08:01 805203                     /usr/lib/jvm/java-7-openjdk-amd64/jre/lib/amd64/libnio.so
7f2e21fbf000-7f2e21fc0000 rw-p 00011000 08:01 805203                     /usr/lib/jvm/java-7-openjdk-amd64/jre/lib/amd64/libnio.so
7f2e21fc0000-7f2e21fdb000 r--s 00194000 08:01 1065720                    /var/www/project/public/decompiler.jar
7f2e21fdb000-7f2e21fdc000 ---p 00000000 00:00 0 
7f2e21fdc000-7f2e220dc000 rw-p 00000000 00:00 0                          [stack:3708]
7f2e220dc000-7f2e220df000 ---p 00000000 00:00 0 
7f2e220df000-7f2e221dd000 rw-p 00000000 00:00 0                          [stack:3707]
7f2e221dd000-7f2e221e0000 ---p 00000000 00:00 0 
7f2e221e0000-7f2e222de000 rw-p 00000000 00:00 0                          [stack:3706]
7f2e222de000-7f2e222e1000 ---p 00000000 00:00 0 
7f2e222e1000-7f2e223df000 rw-p 00000000 00:00 0                          [stack:3705]
7f2e223df000-7f2e223e2000 ---p 00000000 00:00 0 
7f2e223e2000-7f2e224e0000 rw-p 00000000 00:00 0                          [stack:3704]
7f2e224e0000-7f2e224e3000 ---p 00000000 00:00 0 
7f2e224e3000-7f2e225e1000 rw-p 00000000 00:00 0                          [stack:3703]
7f2e225e1000-7f2e225e4000 ---p 00000000 00:00 0 
7f2e225e4000-7f2e226e2000 rw-p 00000000 00:00 0                          [stack:3702]
7f2e226e2000-7f2e226e3000 ---p 00000000 00:00 0 
7f2e226e3000-7f2e2282c000 rw-p 00000000 00:00 0                          [stack:3701]
7f2e2282c000-7f2e229de000 r--s 01d23000 08:01 805171                     /usr/lib/jvm/java-7-openjdk-amd64/jre/lib/rt.jar
7f2e229de000-7f2e22aba000 rw-p 00000000 00:00 0 
7f2e22aba000-7f2e22b03000 rw-p 00000000 00:00 0 
7f2e22b03000-7f2e22b14000 rw-p 00000000 00:00 0 
7f2e22b14000-7f2e22be2000 rw-p 00000000 00:00 0 
7f2e22be2000-7f2e22beb000 rw-p 00000000 00:00 0 
7f2e22beb000-7f2e22c51000 rw-p 00000000 00:00 0 
7f2e22c51000-7f2e22c62000 rw-p 00000000 00:00 0 
7f2e22c62000-7f2e22d2f000 rw-p 00000000 00:00 0 
7f2e22d2f000-7f2e22d3a000 rw-p 00000000 00:00 0 
7f2e22d3a000-7f2e22d82000 rw-p 00000000 00:00 0 
7f2e22d82000-7f2e22d83000 rw-p 00000000 00:00 0 
7f2e22d83000-7f2e22d8b000 r-xp 00000000 08:01 805233                     /usr/lib/jvm/java-7-openjdk-amd64/jre/lib/amd64/libzip.so
7f2e22d8b000-7f2e22f8a000 ---p 00008000 08:01 805233                     /usr/lib/jvm/java-7-openjdk-amd64/jre/lib/amd64/libzip.so
7f2e22f8a000-7f2e22f8b000 r--p 00007000 08:01 805233                     /usr/lib/jvm/java-7-openjdk-amd64/jre/lib/amd64/libzip.so
7f2e22f8b000-7f2e22f8c000 rw-p 00008000 08:01 805233                     /usr/lib/jvm/java-7-openjdk-amd64/jre/lib/amd64/libzip.so
7f2e22f8c000-7f2e22f97000 r-xp 00000000 08:01 138546                     /lib/x86_64-linux-gnu/libnss_files-2.19.so
7f2e22f97000-7f2e23196000 ---p 0000b000 08:01 138546                     /lib/x86_64-linux-gnu/libnss_files-2.19.so
7f2e23196000-7f2e23197000 r--p 0000a000 08:01 138546                     /lib/x86_64-linux-gnu/libnss_files-2.19.so
7f2e23197000-7f2e23198000 rw-p 0000b000 08:01 138546                     /lib/x86_64-linux-gnu/libnss_files-2.19.so
7f2e23198000-7f2e231a3000 r-xp 00000000 08:01 138543                     /lib/x86_64-linux-gnu/libnss_nis-2.19.so
7f2e231a3000-7f2e233a2000 ---p 0000b000 08:01 138543                     /lib/x86_64-linux-gnu/libnss_nis-2.19.so
7f2e233a2000-7f2e233a3000 r--p 0000a000 08:01 138543                     /lib/x86_64-linux-gnu/libnss_nis-2.19.so
7f2e233a3000-7f2e233a4000 rw-p 0000b000 08:01 138543                     /lib/x86_64-linux-gnu/libnss_nis-2.19.so
7f2e233a4000-7f2e233bb000 r-xp 00000000 08:01 138537                     /lib/x86_64-linux-gnu/libnsl-2.19.so
7f2e233bb000-7f2e235ba000 ---p 00017000 08:01 138537                     /lib/x86_64-linux-gnu/libnsl-2.19.so
7f2e235ba000-7f2e235bb000 r--p 00016000 08:01 138537                     /lib/x86_64-linux-gnu/libnsl-2.19.so
7f2e235bb000-7f2e235bc000 rw-p 00017000 08:01 138537                     /lib/x86_64-linux-gnu/libnsl-2.19.so
7f2e235bc000-7f2e235be000 rw-p 00000000 00:00 0 
7f2e235be000-7f2e235c7000 r-xp 00000000 08:01 138534                     /lib/x86_64-linux-gnu/libnss_compat-2.19.so
7f2e235c7000-7f2e237c6000 ---p 00009000 08:01 138534                     /lib/x86_64-linux-gnu/libnss_compat-2.19.so
7f2e237c6000-7f2e237c7000 r--p 00008000 08:01 138534                     /lib/x86_64-linux-gnu/libnss_compat-2.19.so
7f2e237c7000-7f2e237c8000 rw-p 00009000 08:01 138534                     /lib/x86_64-linux-gnu/libnss_compat-2.19.so
7f2e237c8000-7f2e237f3000 r-xp 00000000 08:01 805217                     /usr/lib/jvm/java-7-openjdk-amd64/jre/lib/amd64/libjava.so
7f2e237f3000-7f2e239f3000 ---p 0002b000 08:01 805217                     /usr/lib/jvm/java-7-openjdk-amd64/jre/lib/amd64/libjava.so
7f2e239f3000-7f2e239f4000 r--p 0002b000 08:01 805217                     /usr/lib/jvm/java-7-openjdk-amd64/jre/lib/amd64/libjava.so
7f2e239f4000-7f2e239f6000 rw-p 0002c000 08:01 805217                     /usr/lib/jvm/java-7-openjdk-amd64/jre/lib/amd64/libjava.so
7f2e239f6000-7f2e23a06000 r-xp 00000000 08:01 805216                     /usr/lib/jvm/java-7-openjdk-amd64/jre/lib/amd64/libverify.so
7f2e23a06000-7f2e23c05000 ---p 00010000 08:01 805216                     /usr/lib/jvm/java-7-openjdk-amd64/jre/lib/amd64/libverify.so
7f2e23c05000-7f2e23c07000 r--p 0000f000 08:01 805216                     /usr/lib/jvm/java-7-openjdk-amd64/jre/lib/amd64/libverify.so
7f2e23c07000-7f2e23c08000 rw-p 00011000 08:01 805216                     /usr/lib/jvm/java-7-openjdk-amd64/jre/lib/amd64/libverify.so
7f2e23c08000-7f2e23c0f000 r-xp 00000000 08:01 138529                     /lib/x86_64-linux-gnu/librt-2.19.so
7f2e23c0f000-7f2e23e0e000 ---p 00007000 08:01 138529                     /lib/x86_64-linux-gnu/librt-2.19.so
7f2e23e0e000-7f2e23e0f000 r--p 00006000 08:01 138529                     /lib/x86_64-linux-gnu/librt-2.19.so
7f2e23e0f000-7f2e23e10000 rw-p 00007000 08:01 138529                     /lib/x86_64-linux-gnu/librt-2.19.so
7f2e23e10000-7f2e23e26000 r-xp 00000000 08:01 131246                     /lib/x86_64-linux-gnu/libgcc_s.so.1
7f2e23e26000-7f2e24025000 ---p 00016000 08:01 131246                     /lib/x86_64-linux-gnu/libgcc_s.so.1
7f2e24025000-7f2e24026000 rw-p 00015000 08:01 131246                     /lib/x86_64-linux-gnu/libgcc_s.so.1
7f2e24026000-7f2e2412b000 r-xp 00000000 08:01 138536                     /lib/x86_64-linux-gnu/libm-2.19.so
7f2e2412b000-7f2e2432a000 ---p 00105000 08:01 138536                     /lib/x86_64-linux-gnu/libm-2.19.so
7f2e2432a000-7f2e2432b000 r--p 00104000 08:01 138536                     /lib/x86_64-linux-gnu/libm-2.19.so
7f2e2432b000-7f2e2432c000 rw-p 00105000 08:01 138536                     /lib/x86_64-linux-gnu/libm-2.19.so
7f2e2432c000-7f2e24412000 r-xp 00000000 08:01 789393                     /usr/lib/x86_64-linux-gnu/libstdc++.so.6.0.19
7f2e24412000-7f2e24611000 ---p 000e6000 08:01 789393                     /usr/lib/x86_64-linux-gnu/libstdc++.so.6.0.19
7f2e24611000-7f2e24619000 r--p 000e5000 08:01 789393                     /usr/lib/x86_64-linux-gnu/libstdc++.so.6.0.19
7f2e24619000-7f2e2461b000 rw-p 000ed000 08:01 789393                     /usr/lib/x86_64-linux-gnu/libstdc++.so.6.0.19
7f2e2461b000-7f2e24630000 rw-p 00000000 00:00 0 
7f2e24630000-7f2e25148000 r-xp 00000000 08:01 805222                     /usr/lib/jvm/java-7-openjdk-amd64/jre/lib/amd64/server/libjvm.so
7f2e25148000-7f2e25348000 ---p 00b18000 08:01 805222                     /usr/lib/jvm/java-7-openjdk-amd64/jre/lib/amd64/server/libjvm.so
7f2e25348000-7f2e253e2000 r--p 00b18000 08:01 805222                     /usr/lib/jvm/java-7-openjdk-amd64/jre/lib/amd64/server/libjvm.so
7f2e253e2000-7f2e25405000 rw-p 00bb2000 08:01 805222                     /usr/lib/jvm/java-7-openjdk-amd64/jre/lib/amd64/server/libjvm.so
7f2e25405000-7f2e25433000 rw-p 00000000 00:00 0 
7f2e25433000-7f2e2544b000 r-xp 00000000 08:01 131358                     /lib/x86_64-linux-gnu/libz.so.1.2.8
7f2e2544b000-7f2e2564a000 ---p 00018000 08:01 131358                     /lib/x86_64-linux-gnu/libz.so.1.2.8
7f2e2564a000-7f2e2564b000 r--p 00017000 08:01 131358                     /lib/x86_64-linux-gnu/libz.so.1.2.8
7f2e2564b000-7f2e2564c000 rw-p 00018000 08:01 131358                     /lib/x86_64-linux-gnu/libz.so.1.2.8
7f2e2564c000-7f2e25665000 r-xp 00000000 08:01 138545                     /lib/x86_64-linux-gnu/libpthread-2.19.so
7f2e25665000-7f2e25864000 ---p 00019000 08:01 138545                     /lib/x86_64-linux-gnu/libpthread-2.19.so
7f2e25864000-7f2e25865000 r--p 00018000 08:01 138545                     /lib/x86_64-linux-gnu/libpthread-2.19.so
7f2e25865000-7f2e25866000 rw-p 00019000 08:01 138545                     /lib/x86_64-linux-gnu/libpthread-2.19.so
7f2e25866000-7f2e2586a000 rw-p 00000000 00:00 0 
7f2e2586a000-7f2e2586d000 r-xp 00000000 08:01 138532                     /lib/x86_64-linux-gnu/libdl-2.19.so
7f2e2586d000-7f2e25a6c000 ---p 00003000 08:01 138532                     /lib/x86_64-linux-gnu/libdl-2.19.so
7f2e25a6c000-7f2e25a6d000 r--p 00002000 08:01 138532                     /lib/x86_64-linux-gnu/libdl-2.19.so
7f2e25a6d000-7f2e25a6e000 rw-p 00003000 08:01 138532                     /lib/x86_64-linux-gnu/libdl-2.19.so
7f2e25a6e000-7f2e25c29000 r-xp 00000000 08:01 138528                     /lib/x86_64-linux-gnu/libc-2.19.so
7f2e25c29000-7f2e25e29000 ---p 001bb000 08:01 138528                     /lib/x86_64-linux-gnu/libc-2.19.so
7f2e25e29000-7f2e25e2d000 r--p 001bb000 08:01 138528                     /lib/x86_64-linux-gnu/libc-2.19.so
7f2e25e2d000-7f2e25e2f000 rw-p 001bf000 08:01 138528                     /lib/x86_64-linux-gnu/libc-2.19.so
7f2e25e2f000-7f2e25e34000 rw-p 00000000 00:00 0 
7f2e25e34000-7f2e25e41000 r-xp 00000000 08:01 805199                     /usr/lib/jvm/java-7-openjdk-amd64/jre/lib/amd64/jli/libjli.so
7f2e25e41000-7f2e26040000 ---p 0000d000 08:01 805199                     /usr/lib/jvm/java-7-openjdk-amd64/jre/lib/amd64/jli/libjli.so
7f2e26040000-7f2e26041000 r--p 0000c000 08:01 805199                     /usr/lib/jvm/java-7-openjdk-amd64/jre/lib/amd64/jli/libjli.so
7f2e26041000-7f2e26042000 rw-p 0000d000 08:01 805199                     /usr/lib/jvm/java-7-openjdk-amd64/jre/lib/amd64/jli/libjli.so
7f2e26042000-7f2e26065000 r-xp 00000000 08:01 138526                     /lib/x86_64-linux-gnu/ld-2.19.so
7f2e26073000-7f2e26076000 rw-p 00000000 00:00 0 
7f2e26076000-7f2e2607f000 r--s 000b9000 08:01 805173                     /usr/lib/jvm/java-7-openjdk-amd64/jre/lib/resources.jar
7f2e2607f000-7f2e26083000 r--s 0003c000 08:01 805176                     /usr/lib/jvm/java-7-openjdk-amd64/jre/lib/ext/sunpkcs11.jar
7f2e26083000-7f2e26085000 r--s 00012000 08:01 805178                     /usr/lib/jvm/java-7-openjdk-amd64/jre/lib/ext/zipfs.jar
7f2e26085000-7f2e26088000 r--s 0000f000 08:01 805175                     /usr/lib/jvm/java-7-openjdk-amd64/jre/lib/ext/icedtea-sound.jar
7f2e26088000-7f2e26092000 rw-p 00000000 00:00 0 
7f2e26092000-7f2e26148000 rw-p 00000000 00:00 0 
7f2e26148000-7f2e2614b000 ---p 00000000 00:00 0 
7f2e2614b000-7f2e2624e000 rw-p 00000000 00:00 0                          [stack:3700]
7f2e2624e000-7f2e2624f000 r--s 00002000 08:01 805179                     /usr/lib/jvm/java-7-openjdk-amd64/jre/lib/ext/dnsns.jar
7f2e2624f000-7f2e26251000 r--s 00006000 08:01 805342                     /usr/share/java/java-atk-wrapper.jar
7f2e26251000-7f2e26255000 r--s 00034000 08:01 805177                     /usr/lib/jvm/java-7-openjdk-amd64/jre/lib/ext/sunjce_provider.jar
7f2e26255000-7f2e26258000 r--s 00086000 08:01 805180                     /usr/lib/jvm/java-7-openjdk-amd64/jre/lib/ext/localedata.jar
7f2e26258000-7f2e26260000 rw-s 00000000 08:01 1065847                    /tmp/hsperfdata_www-data/3699
7f2e26260000-7f2e26261000 rw-p 00000000 00:00 0 
7f2e26261000-7f2e26262000 r--p 00000000 00:00 0 
7f2e26262000-7f2e26264000 rw-p 00000000 00:00 0 
7f2e26264000-7f2e26265000 r--p 00022000 08:01 138526                     /lib/x86_64-linux-gnu/ld-2.19.so
7f2e26265000-7f2e26266000 rw-p 00023000 08:01 138526                     /lib/x86_64-linux-gnu/ld-2.19.so
7f2e26266000-7f2e26267000 rw-p 00000000 00:00 0 
7fff56fa3000-7fff56fc4000 rw-p 00000000 00:00 0                          [stack]
7fff56ffe000-7fff57000000 r-xp 00000000 00:00 0                          [vdso]
ffffffffff600000-ffffffffff601000 r-xp 00000000 00:00 0                  [vsyscall]

VM Arguments:
java_command: /var/www/project/public/decompiler.jar -jar /var/www/project/storage/apk/com.ogqcorp.bgh_dex2jar.jar -o /var/www/project/storage/apk/com.ogqcorp.bgh
Launcher Type: SUN_STANDARD

Environment Variables:
PATH=/usr/local/sbin:/usr/local/bin:/usr/sbin:/usr/bin:/sbin:/bin

Signal Handlers:
SIGSEGV: [libjvm.so+0x94b4b0], sa_mask[0]=0x7ffbfeff, sa_flags=0x10000004
SIGBUS: [libjvm.so+0x94b4b0], sa_mask[0]=0x7ffbfeff, sa_flags=0x10000004
SIGFPE: [libjvm.so+0x7c3390], sa_mask[0]=0x7ffbfeff, sa_flags=0x10000004
SIGPIPE: [libjvm.so+0x7c3390], sa_mask[0]=0x7ffbfeff, sa_flags=0x10000004
SIGXFSZ: [libjvm.so+0x7c3390], sa_mask[0]=0x7ffbfeff, sa_flags=0x10000004
SIGILL: [libjvm.so+0x7c3390], sa_mask[0]=0x7ffbfeff, sa_flags=0x10000004
SIGUSR1: SIG_DFL, sa_mask[0]=0x00000000, sa_flags=0x00000000
SIGUSR2: [libjvm.so+0x7c3230], sa_mask[0]=0x00000000, sa_flags=0x10000004
SIGHUP: [libjvm.so+0x7c3410], sa_mask[0]=0x7ffbfeff, sa_flags=0x10000004
SIGINT: [libjvm.so+0x7c3410], sa_mask[0]=0x7ffbfeff, sa_flags=0x10000004
SIGTERM: [libjvm.so+0x7c3410], sa_mask[0]=0x7ffbfeff, sa_flags=0x10000004
SIGQUIT: [libjvm.so+0x7c3410], sa_mask[0]=0x7ffbfeff, sa_flags=0x10000004
SIGTRAP: SIG_DFL, sa_mask[0]=0x00000000, sa_flags=0x00000000


---------------  S Y S T E M  ---------------

OS:Ubuntu 14.04 (trusty)
uname:Linux 3.13.0-32-generic #57-Ubuntu SMP Tue Jul 15 03:51:08 UTC 2014 x86_64
libc:glibc 2.19 NPTL 2.19 
rlimit: STACK 8192k, CORE 0k, NPROC 15846, NOFILE 8192, AS infinity
load average:4.73 4.00 4.31

/proc/meminfo:
MemTotal:        2050060 kB
MemFree:          243256 kB
Buffers:           10916 kB
Cached:           351148 kB
SwapCached:        64424 kB
Active:          1095584 kB
Inactive:         527156 kB
Active(anon):    1000408 kB
Inactive(anon):   366744 kB
Active(file):      95176 kB
Inactive(file):   160412 kB
Unevictable:           0 kB
Mlocked:               0 kB
SwapTotal:       2094076 kB
SwapFree:         956348 kB
Dirty:               256 kB
Writeback:             0 kB
AnonPages:       1209116 kB
Mapped:           192828 kB
Shmem:            106444 kB
Slab:              55104 kB
SReclaimable:      27132 kB
SUnreclaim:        27972 kB
KernelStack:        4600 kB
PageTables:        54528 kB
NFS_Unstable:          0 kB
Bounce:                0 kB
WritebackTmp:          0 kB
CommitLimit:     3119104 kB
Committed_AS:    6341484 kB
VmallocTotal:   34359738367 kB
VmallocUsed:        8148 kB
VmallocChunk:   34359716468 kB
HardwareCorrupted:     0 kB
AnonHugePages:    542720 kB
HugePages_Total:       0
HugePages_Free:        0
HugePages_Rsvd:        0
HugePages_Surp:        0
Hugepagesize:       2048 kB
DirectMap4k:       18368 kB
DirectMap2M:     2078720 kB


CPU:total 1 (1 cores per cpu, 1 threads per core) family 6 model 60 stepping 3, cmov, cx8, fxsr, mmx, sse, sse2, sse3, ssse3, tsc

/proc/cpuinfo:
processor	: 0
vendor_id	: GenuineIntel
cpu family	: 6
model		: 60
model name	: Intel(R) Core(TM) i5-4200M CPU @ 2.50GHz
stepping	: 3
microcode	: 0x19
cpu MHz		: 2494.675
cache size	: 6144 KB
physical id	: 0
siblings	: 1
core id		: 0
cpu cores	: 1
apicid		: 0
initial apicid	: 0
fpu		: yes
fpu_exception	: yes
cpuid level	: 5
wp		: yes
flags		: fpu vme de pse tsc msr pae mce cx8 apic sep mtrr pge mca cmov pat pse36 clflush mmx fxsr sse sse2 syscall nx rdtscp lm constant_tsc rep_good nopl pni monitor ssse3 lahf_lm
bogomips	: 4989.35
clflush size	: 64
cache_alignment	: 64
address sizes	: 39 bits physical, 48 bits virtual
power management:



Memory: 4k page, physical 2050060k(243256k free), swap 2094076k(956348k free)

vm_info: OpenJDK 64-Bit Server VM (24.75-b04) for linux-amd64 JRE (1.7.0_75-b13), built on Jan 27 2015 00:38:59 by "buildd" with gcc 4.8.2

time: Tue Jun  9 17:06:37 2015
elapsed time: 18 seconds

